20:19:29 DEBUG : Logs will be stored at 'C:/DevWorks/SOC_NeoPixel_Axi/Neopixel_App/IDE.log'.
20:19:32 INFO  : Platform repository initialization has completed.
20:19:32 INFO  : Registering command handlers for Vitis TCF services
20:19:32 INFO  : Launching XSCT server: xsct.bat -n  -interactive C:\DevWorks\SOC_NeoPixel_Axi\Neopixel_App\temp_xsdb_launch_script.tcl
20:19:32 ERROR : (XSDB Server)'\gnu\microblaze\lin\bin\' is not recognized as an internal or external command,
operable program or batch file.

20:19:32 ERROR : (XSDB Server)'\gnu\microblaze\nt\bin\' is not recognized as an internal or external command,
operable program or batch file.

20:19:32 ERROR : (XSDB Server)'\gnuwin\bin\' is not recognized as an internal or external command,
operable program or batch file.

20:19:36 INFO  : XSCT server has started successfully.
20:19:38 INFO  : plnx-install-location is set to ''
20:19:38 INFO  : Successfully done setting XSCT server connection channel  
20:19:38 INFO  : Successfully done query RDI_DATADIR 
20:19:38 INFO  : Successfully done setting workspace for the tool. 
20:20:51 INFO  : Result from executing command 'getProjects': SOC_NeoPixel_Axi
20:20:51 INFO  : Result from executing command 'getPlatforms': 
20:20:51 WARN  : An unexpected exception occurred in the module 'platform project logging'
20:20:51 INFO  : Platform 'SOC_NeoPixel_Axi' is added to custom repositories.
20:20:59 INFO  : Platform 'SOC_NeoPixel_Axi' is added to custom repositories.
20:22:05 INFO  : Result from executing command 'getProjects': SOC_NeoPixel_Axi
20:22:05 INFO  : Result from executing command 'getPlatforms': SOC_NeoPixel_Axi|C:/DevWorks/SOC_NeoPixel_Axi/Neopixel_App/SOC_NeoPixel_Axi/export/SOC_NeoPixel_Axi/SOC_NeoPixel_Axi.xpfm
20:22:09 INFO  : Checking for BSP changes to sync application flags for project 'Neopixel_4modes_app'...
20:22:26 INFO  : Connected to target on host '127.0.0.1' and port '3121'.
20:22:27 INFO  : Jtag cable 'Xilinx TUL 1234-tulA' is selected.
20:22:27 INFO  : 'jtag frequency' command is executed.
20:22:27 INFO  : Context for 'APU' is selected.
20:22:27 INFO  : System reset is completed.
20:22:30 INFO  : 'after 3000' command is executed.
20:22:30 INFO  : 'targets -set -filter {jtag_cable_name =~ "Xilinx TUL 1234-tulA" && level==0 && jtag_device_ctx=="jsn-TUL-1234-tulA-23727093-0"}' command is executed.
20:22:32 INFO  : Device configured successfully with "C:/DevWorks/SOC_NeoPixel_Axi/Neopixel_App/Neopixel_4modes_app/_ide/bitstream/SOC_NeoPixel_Axi.bit"
20:22:32 INFO  : Context for 'APU' is selected.
20:22:32 INFO  : Hardware design and registers information is loaded from 'C:/DevWorks/SOC_NeoPixel_Axi/Neopixel_App/SOC_NeoPixel_Axi/export/SOC_NeoPixel_Axi/hw/SOC_NeoPixel_Axi.xsa'.
20:22:32 INFO  : 'configparams force-mem-access 1' command is executed.
20:22:32 INFO  : Context for 'APU' is selected.
20:22:32 INFO  : Sourcing of 'C:/DevWorks/SOC_NeoPixel_Axi/Neopixel_App/Neopixel_4modes_app/_ide/psinit/ps7_init.tcl' is done.
20:22:33 INFO  : 'ps7_init' command is executed.
20:22:33 INFO  : 'ps7_post_config' command is executed.
20:22:33 INFO  : Context for processor 'ps7_cortexa9_0' is selected.
20:22:33 INFO  : The application 'C:/DevWorks/SOC_NeoPixel_Axi/Neopixel_App/Neopixel_4modes_app/Debug/Neopixel_4modes_app.elf' is downloaded to processor 'ps7_cortexa9_0'.
20:22:33 INFO  : 'configparams force-mem-access 0' command is executed.
20:22:33 INFO  : ----------------XSDB Script----------------
connect -url tcp:127.0.0.1:3121
targets -set -nocase -filter {name =~"APU*"}
rst -system
after 3000
targets -set -filter {jtag_cable_name =~ "Xilinx TUL 1234-tulA" && level==0 && jtag_device_ctx=="jsn-TUL-1234-tulA-23727093-0"}
fpga -file C:/DevWorks/SOC_NeoPixel_Axi/Neopixel_App/Neopixel_4modes_app/_ide/bitstream/SOC_NeoPixel_Axi.bit
targets -set -nocase -filter {name =~"APU*"}
loadhw -hw C:/DevWorks/SOC_NeoPixel_Axi/Neopixel_App/SOC_NeoPixel_Axi/export/SOC_NeoPixel_Axi/hw/SOC_NeoPixel_Axi.xsa -mem-ranges [list {0x40000000 0xbfffffff}] -regs
configparams force-mem-access 1
targets -set -nocase -filter {name =~"APU*"}
source C:/DevWorks/SOC_NeoPixel_Axi/Neopixel_App/Neopixel_4modes_app/_ide/psinit/ps7_init.tcl
ps7_init
ps7_post_config
targets -set -nocase -filter {name =~ "*A9*#0"}
dow C:/DevWorks/SOC_NeoPixel_Axi/Neopixel_App/Neopixel_4modes_app/Debug/Neopixel_4modes_app.elf
configparams force-mem-access 0
----------------End of Script----------------

20:22:33 INFO  : Context for processor 'ps7_cortexa9_0' is selected.
20:22:33 INFO  : 'con' command is executed.
20:22:33 INFO  : ----------------XSDB Script (After Launch)----------------
targets -set -nocase -filter {name =~ "*A9*#0"}
con
----------------End of Script----------------

20:22:33 INFO  : Launch script is exported to file 'C:\DevWorks\SOC_NeoPixel_Axi\Neopixel_App\Neopixel_4modes_app_system\_ide\scripts\debugger_neopixel_4modes_app-default.tcl'
20:22:46 INFO  : Disconnected from the channel tcfchan#3.
20:38:51 INFO  : Hardware specification for platform project 'SOC_NeoPixel_Axi' is updated.
20:40:40 INFO  : Result from executing command 'removePlatformRepo': 
20:42:29 INFO  : Result from executing command 'getProjects': SOC_NeoPixel_Axi
20:42:29 INFO  : Result from executing command 'getPlatforms': 
20:42:38 INFO  : Checking for BSP changes to sync application flags for project 'Neopixel_4modes_app'...
20:42:40 INFO  : Updating application flags with new BSP settings...
20:42:41 INFO  : Successfully updated application flags for project Neopixel_4modes_app.
20:42:48 INFO  : Result from executing command 'removePlatformRepo': 
20:44:23 INFO  : Result from executing command 'getProjects': SOC_NeoPixel_Axi
20:44:23 INFO  : Result from executing command 'getPlatforms': 
20:44:23 INFO  : Checking for BSP changes to sync application flags for project 'Neopixel_4modes_app'...
20:44:07 DEBUG : Logs will be stored at 'C:/DevWorks/SOC_NeoPixel_Axi/Neopixel_App/IDE.log'.
20:44:08 INFO  : Launching XSCT server: xsct.bat -n  -interactive C:\DevWorks\SOC_NeoPixel_Axi\Neopixel_App\temp_xsdb_launch_script.tcl
20:44:08 ERROR : (XSDB Server)'\gnu\microblaze\lin\bin\' is not recognized as an internal or external command,
operable program or batch file.

20:44:08 ERROR : (XSDB Server)'\gnu\microblaze\nt\bin\' is not recognized as an internal or external command,
operable program or batch file.

20:44:08 ERROR : (XSDB Server)'\gnuwin\bin\' is not recognized as an internal or external command,
operable program or batch file.

20:44:11 INFO  : XSCT server has started successfully.
20:44:11 INFO  : Successfully done setting XSCT server connection channel  
20:44:11 INFO  : plnx-install-location is set to ''
20:44:11 INFO  : Successfully done setting workspace for the tool. 
20:44:11 INFO  : Platform repository initialization has completed.
20:44:11 INFO  : Successfully done query RDI_DATADIR 
20:44:11 INFO  : Registering command handlers for Vitis TCF services
20:44:59 INFO  : Checking for BSP changes to sync application flags for project 'Neopixel_4modes_app'...
20:45:02 INFO  : The hardware specification used by project 'Neopixel_4modes_app' is out of sync with the platform. Resource files extracted from the hardware specification will be updated.
20:45:02 INFO  : The file 'C:\DevWorks\SOC_NeoPixel_Axi\Neopixel_App\Neopixel_4modes_app\_ide\bitstream\SOC_NeoPixel_Axi.bit' stored in project is removed.
20:45:02 INFO  : The updated bitstream files are copied from platform to folder 'C:\DevWorks\SOC_NeoPixel_Axi\Neopixel_App\Neopixel_4modes_app\_ide\bitstream' in project 'Neopixel_4modes_app'.
20:45:02 INFO  : The file 'C:\DevWorks\SOC_NeoPixel_Axi\Neopixel_App\Neopixel_4modes_app\_ide\psinit\ps7_init.tcl' stored in project is removed.
20:45:07 INFO  : The updated ps init files are copied from platform to folder 'C:\DevWorks\SOC_NeoPixel_Axi\Neopixel_App\Neopixel_4modes_app\_ide\psinit' in project 'Neopixel_4modes_app'.
20:45:09 ERROR : (XSDB Server)ERROR: [Hsi 55-1571] The design file C:/DevWorks/SOC_NeoPixel_Axi/Neopixel_App/SOC_NeoPixel_Axi/export/SOC_NeoPixel_Axi/hw/Neopixel_buttons.xsa is already opened

20:45:16 INFO  : Connected to target on host '127.0.0.1' and port '3121'.
20:45:16 INFO  : Jtag cable 'Xilinx TUL 1234-tulA' is selected.
20:45:16 INFO  : 'jtag frequency' command is executed.
20:45:16 INFO  : Context for 'APU' is selected.
20:45:16 INFO  : System reset is completed.
20:45:19 INFO  : 'after 3000' command is executed.
20:45:19 INFO  : 'targets -set -filter {jtag_cable_name =~ "Xilinx TUL 1234-tulA" && level==0 && jtag_device_ctx=="jsn-TUL-1234-tulA-23727093-0"}' command is executed.
20:45:19 ERROR : couldn't open "C:/DevWorks/SOC_NeoPixel_Axi/Neopixel_App/Neopixel_4modes_app/_ide/bitstream/SOC_NeoPixel_Axi.bit": no such file or directory
20:45:19 ERROR : Exception occured while running Program Device.
java.lang.RuntimeException: couldn't open "C:/DevWorks/SOC_NeoPixel_Axi/Neopixel_App/Neopixel_4modes_app/_ide/bitstream/SOC_NeoPixel_Axi.bit": no such file or directory
20:45:19 INFO  : ----------------XSDB Script----------------
connect -url tcp:127.0.0.1:3121
targets -set -nocase -filter {name =~"APU*"}
rst -system
after 3000
----------------End of Script----------------

20:45:19 ERROR : couldn't open "C:/DevWorks/SOC_NeoPixel_Axi/Neopixel_App/Neopixel_4modes_app/_ide/bitstream/SOC_NeoPixel_Axi.bit": no such file or directory
20:45:38 INFO  : Connected to target on host '127.0.0.1' and port '3121'.
20:45:38 INFO  : Jtag cable 'Xilinx TUL 1234-tulA' is selected.
20:45:38 INFO  : 'jtag frequency' command is executed.
20:45:38 INFO  : Context for 'APU' is selected.
20:45:38 INFO  : System reset is completed.
20:45:41 INFO  : 'after 3000' command is executed.
20:45:41 INFO  : 'targets -set -filter {jtag_cable_name =~ "Xilinx TUL 1234-tulA" && level==0 && jtag_device_ctx=="jsn-TUL-1234-tulA-23727093-0"}' command is executed.
20:45:44 INFO  : Device configured successfully with "C:/DevWorks/SOC_NeoPixel_Axi/Neopixel_App/Neopixel_4modes_app/_ide/bitstream/Neopixel_buttons.bit"
20:45:44 INFO  : Context for 'APU' is selected.
20:45:44 INFO  : Hardware design and registers information is loaded from 'C:/DevWorks/SOC_NeoPixel_Axi/Neopixel_App/SOC_NeoPixel_Axi/export/SOC_NeoPixel_Axi/hw/Neopixel_buttons.xsa'.
20:45:44 INFO  : 'configparams force-mem-access 1' command is executed.
20:45:44 INFO  : Context for 'APU' is selected.
20:45:44 INFO  : Sourcing of 'C:/DevWorks/SOC_NeoPixel_Axi/Neopixel_App/Neopixel_4modes_app/_ide/psinit/ps7_init.tcl' is done.
20:45:44 INFO  : 'ps7_init' command is executed.
20:45:44 INFO  : 'ps7_post_config' command is executed.
20:45:44 INFO  : Context for processor 'ps7_cortexa9_0' is selected.
20:45:44 INFO  : The application 'C:/DevWorks/SOC_NeoPixel_Axi/Neopixel_App/Neopixel_4modes_app/Debug/Neopixel_4modes_app.elf' is downloaded to processor 'ps7_cortexa9_0'.
20:45:44 INFO  : 'configparams force-mem-access 0' command is executed.
20:45:44 INFO  : ----------------XSDB Script----------------
connect -url tcp:127.0.0.1:3121
targets -set -nocase -filter {name =~"APU*"}
rst -system
after 3000
targets -set -filter {jtag_cable_name =~ "Xilinx TUL 1234-tulA" && level==0 && jtag_device_ctx=="jsn-TUL-1234-tulA-23727093-0"}
fpga -file C:/DevWorks/SOC_NeoPixel_Axi/Neopixel_App/Neopixel_4modes_app/_ide/bitstream/Neopixel_buttons.bit
targets -set -nocase -filter {name =~"APU*"}
loadhw -hw C:/DevWorks/SOC_NeoPixel_Axi/Neopixel_App/SOC_NeoPixel_Axi/export/SOC_NeoPixel_Axi/hw/Neopixel_buttons.xsa -mem-ranges [list {0x40000000 0xbfffffff}] -regs
configparams force-mem-access 1
targets -set -nocase -filter {name =~"APU*"}
source C:/DevWorks/SOC_NeoPixel_Axi/Neopixel_App/Neopixel_4modes_app/_ide/psinit/ps7_init.tcl
ps7_init
ps7_post_config
targets -set -nocase -filter {name =~ "*A9*#0"}
dow C:/DevWorks/SOC_NeoPixel_Axi/Neopixel_App/Neopixel_4modes_app/Debug/Neopixel_4modes_app.elf
configparams force-mem-access 0
----------------End of Script----------------

20:45:44 INFO  : Context for processor 'ps7_cortexa9_0' is selected.
20:45:44 INFO  : 'con' command is executed.
20:45:44 INFO  : ----------------XSDB Script (After Launch)----------------
targets -set -nocase -filter {name =~ "*A9*#0"}
con
----------------End of Script----------------

20:45:44 INFO  : Launch script is exported to file 'C:\DevWorks\SOC_NeoPixel_Axi\Neopixel_App\Neopixel_4modes_app_system\_ide\scripts\debugger_neopixel_4modes_app-default.tcl'
20:46:25 INFO  : Checking for BSP changes to sync application flags for project 'Neopixel_4modes_app'...
20:46:28 INFO  : Disconnected from the channel tcfchan#2.
20:46:32 INFO  : Connected to target on host '127.0.0.1' and port '3121'.
20:46:32 INFO  : Jtag cable 'Xilinx TUL 1234-tulA' is selected.
20:46:32 INFO  : 'jtag frequency' command is executed.
20:46:32 INFO  : Context for 'APU' is selected.
20:46:32 INFO  : System reset is completed.
20:46:35 INFO  : 'after 3000' command is executed.
20:46:35 INFO  : 'targets -set -filter {jtag_cable_name =~ "Xilinx TUL 1234-tulA" && level==0 && jtag_device_ctx=="jsn-TUL-1234-tulA-23727093-0"}' command is executed.
20:46:37 INFO  : Device configured successfully with "C:/DevWorks/SOC_NeoPixel_Axi/Neopixel_App/Neopixel_4modes_app/_ide/bitstream/Neopixel_buttons.bit"
20:46:37 INFO  : Context for 'APU' is selected.
20:46:39 INFO  : Hardware design and registers information is loaded from 'C:/DevWorks/SOC_NeoPixel_Axi/Neopixel_App/SOC_NeoPixel_Axi/export/SOC_NeoPixel_Axi/hw/Neopixel_buttons.xsa'.
20:46:39 INFO  : 'configparams force-mem-access 1' command is executed.
20:46:39 INFO  : Context for 'APU' is selected.
20:46:39 INFO  : Sourcing of 'C:/DevWorks/SOC_NeoPixel_Axi/Neopixel_App/Neopixel_4modes_app/_ide/psinit/ps7_init.tcl' is done.
20:46:39 INFO  : 'ps7_init' command is executed.
20:46:39 INFO  : 'ps7_post_config' command is executed.
20:46:39 INFO  : Context for processor 'ps7_cortexa9_0' is selected.
20:46:40 INFO  : The application 'C:/DevWorks/SOC_NeoPixel_Axi/Neopixel_App/Neopixel_4modes_app/Debug/Neopixel_4modes_app.elf' is downloaded to processor 'ps7_cortexa9_0'.
20:46:40 INFO  : 'configparams force-mem-access 0' command is executed.
20:46:40 INFO  : ----------------XSDB Script----------------
connect -url tcp:127.0.0.1:3121
targets -set -nocase -filter {name =~"APU*"}
rst -system
after 3000
targets -set -filter {jtag_cable_name =~ "Xilinx TUL 1234-tulA" && level==0 && jtag_device_ctx=="jsn-TUL-1234-tulA-23727093-0"}
fpga -file C:/DevWorks/SOC_NeoPixel_Axi/Neopixel_App/Neopixel_4modes_app/_ide/bitstream/Neopixel_buttons.bit
targets -set -nocase -filter {name =~"APU*"}
loadhw -hw C:/DevWorks/SOC_NeoPixel_Axi/Neopixel_App/SOC_NeoPixel_Axi/export/SOC_NeoPixel_Axi/hw/Neopixel_buttons.xsa -mem-ranges [list {0x40000000 0xbfffffff}] -regs
configparams force-mem-access 1
targets -set -nocase -filter {name =~"APU*"}
source C:/DevWorks/SOC_NeoPixel_Axi/Neopixel_App/Neopixel_4modes_app/_ide/psinit/ps7_init.tcl
ps7_init
ps7_post_config
targets -set -nocase -filter {name =~ "*A9*#0"}
dow C:/DevWorks/SOC_NeoPixel_Axi/Neopixel_App/Neopixel_4modes_app/Debug/Neopixel_4modes_app.elf
configparams force-mem-access 0
----------------End of Script----------------

20:46:40 INFO  : Context for processor 'ps7_cortexa9_0' is selected.
20:46:40 INFO  : 'con' command is executed.
20:46:40 INFO  : ----------------XSDB Script (After Launch)----------------
targets -set -nocase -filter {name =~ "*A9*#0"}
con
----------------End of Script----------------

20:46:40 INFO  : Launch script is exported to file 'C:\DevWorks\SOC_NeoPixel_Axi\Neopixel_App\Neopixel_4modes_app_system\_ide\scripts\debugger_neopixel_4modes_app-default.tcl'
20:46:46 INFO  : Disconnected from the channel tcfchan#3.
20:54:09 INFO  : Checking for BSP changes to sync application flags for project 'Neopixel_4modes_app'...
20:55:46 INFO  : Checking for BSP changes to sync application flags for project 'Neopixel_4modes_app'...
20:55:53 INFO  : Connected to target on host '127.0.0.1' and port '3121'.
20:55:53 INFO  : Jtag cable 'Xilinx TUL 1234-tulA' is selected.
20:55:53 INFO  : 'jtag frequency' command is executed.
20:55:53 INFO  : Context for 'APU' is selected.
20:55:53 INFO  : System reset is completed.
20:55:56 INFO  : 'after 3000' command is executed.
20:55:56 INFO  : 'targets -set -filter {jtag_cable_name =~ "Xilinx TUL 1234-tulA" && level==0 && jtag_device_ctx=="jsn-TUL-1234-tulA-23727093-0"}' command is executed.
20:55:59 INFO  : Device configured successfully with "C:/DevWorks/SOC_NeoPixel_Axi/Neopixel_App/Neopixel_4modes_app/_ide/bitstream/Neopixel_buttons.bit"
20:55:59 INFO  : Context for 'APU' is selected.
20:55:59 INFO  : Hardware design and registers information is loaded from 'C:/DevWorks/SOC_NeoPixel_Axi/Neopixel_App/SOC_NeoPixel_Axi/export/SOC_NeoPixel_Axi/hw/Neopixel_buttons.xsa'.
20:55:59 INFO  : 'configparams force-mem-access 1' command is executed.
20:55:59 INFO  : Context for 'APU' is selected.
20:55:59 INFO  : Sourcing of 'C:/DevWorks/SOC_NeoPixel_Axi/Neopixel_App/Neopixel_4modes_app/_ide/psinit/ps7_init.tcl' is done.
20:55:59 INFO  : 'ps7_init' command is executed.
20:55:59 INFO  : 'ps7_post_config' command is executed.
20:55:59 INFO  : Context for processor 'ps7_cortexa9_0' is selected.
20:55:59 INFO  : The application 'C:/DevWorks/SOC_NeoPixel_Axi/Neopixel_App/Neopixel_4modes_app/Debug/Neopixel_4modes_app.elf' is downloaded to processor 'ps7_cortexa9_0'.
20:55:59 INFO  : 'configparams force-mem-access 0' command is executed.
20:55:59 INFO  : ----------------XSDB Script----------------
connect -url tcp:127.0.0.1:3121
targets -set -nocase -filter {name =~"APU*"}
rst -system
after 3000
targets -set -filter {jtag_cable_name =~ "Xilinx TUL 1234-tulA" && level==0 && jtag_device_ctx=="jsn-TUL-1234-tulA-23727093-0"}
fpga -file C:/DevWorks/SOC_NeoPixel_Axi/Neopixel_App/Neopixel_4modes_app/_ide/bitstream/Neopixel_buttons.bit
targets -set -nocase -filter {name =~"APU*"}
loadhw -hw C:/DevWorks/SOC_NeoPixel_Axi/Neopixel_App/SOC_NeoPixel_Axi/export/SOC_NeoPixel_Axi/hw/Neopixel_buttons.xsa -mem-ranges [list {0x40000000 0xbfffffff}] -regs
configparams force-mem-access 1
targets -set -nocase -filter {name =~"APU*"}
source C:/DevWorks/SOC_NeoPixel_Axi/Neopixel_App/Neopixel_4modes_app/_ide/psinit/ps7_init.tcl
ps7_init
ps7_post_config
targets -set -nocase -filter {name =~ "*A9*#0"}
dow C:/DevWorks/SOC_NeoPixel_Axi/Neopixel_App/Neopixel_4modes_app/Debug/Neopixel_4modes_app.elf
configparams force-mem-access 0
----------------End of Script----------------

20:55:59 INFO  : Context for processor 'ps7_cortexa9_0' is selected.
20:55:59 INFO  : 'con' command is executed.
20:55:59 INFO  : ----------------XSDB Script (After Launch)----------------
targets -set -nocase -filter {name =~ "*A9*#0"}
con
----------------End of Script----------------

20:55:59 INFO  : Launch script is exported to file 'C:\DevWorks\SOC_NeoPixel_Axi\Neopixel_App\Neopixel_4modes_app_system\_ide\scripts\debugger_neopixel_4modes_app-default.tcl'
20:56:43 INFO  : Disconnected from the channel tcfchan#4.
20:56:44 INFO  : Connected to target on host '127.0.0.1' and port '3121'.
20:56:44 INFO  : Jtag cable 'Xilinx TUL 1234-tulA' is selected.
20:56:44 ERROR : port closed
20:56:44 INFO  : ----------------XSDB Script----------------
connect -url tcp:127.0.0.1:3121
----------------End of Script----------------

20:56:44 ERROR : port closed
20:56:49 INFO  : Checking for BSP changes to sync application flags for project 'Neopixel_4modes_app'...
20:56:55 INFO  : Connected to target on host '127.0.0.1' and port '3121'.
20:56:55 INFO  : Jtag cable 'Xilinx TUL 1234-tulA' is selected.
20:56:55 INFO  : 'jtag frequency' command is executed.
20:56:55 INFO  : Context for 'APU' is selected.
20:56:55 INFO  : System reset is completed.
20:56:58 INFO  : 'after 3000' command is executed.
20:56:58 INFO  : 'targets -set -filter {jtag_cable_name =~ "Xilinx TUL 1234-tulA" && level==0 && jtag_device_ctx=="jsn-TUL-1234-tulA-23727093-0"}' command is executed.
20:57:00 INFO  : Device configured successfully with "C:/DevWorks/SOC_NeoPixel_Axi/Neopixel_App/Neopixel_4modes_app/_ide/bitstream/Neopixel_buttons.bit"
20:57:00 INFO  : Context for 'APU' is selected.
20:57:00 INFO  : Hardware design and registers information is loaded from 'C:/DevWorks/SOC_NeoPixel_Axi/Neopixel_App/SOC_NeoPixel_Axi/export/SOC_NeoPixel_Axi/hw/Neopixel_buttons.xsa'.
20:57:00 INFO  : 'configparams force-mem-access 1' command is executed.
20:57:00 INFO  : Context for 'APU' is selected.
20:57:00 INFO  : Sourcing of 'C:/DevWorks/SOC_NeoPixel_Axi/Neopixel_App/Neopixel_4modes_app/_ide/psinit/ps7_init.tcl' is done.
20:57:00 INFO  : 'ps7_init' command is executed.
20:57:00 INFO  : 'ps7_post_config' command is executed.
20:57:00 INFO  : Context for processor 'ps7_cortexa9_0' is selected.
20:57:01 INFO  : The application 'C:/DevWorks/SOC_NeoPixel_Axi/Neopixel_App/Neopixel_4modes_app/Debug/Neopixel_4modes_app.elf' is downloaded to processor 'ps7_cortexa9_0'.
20:57:01 INFO  : 'configparams force-mem-access 0' command is executed.
20:57:01 INFO  : ----------------XSDB Script----------------
connect -url tcp:127.0.0.1:3121
targets -set -nocase -filter {name =~"APU*"}
rst -system
after 3000
targets -set -filter {jtag_cable_name =~ "Xilinx TUL 1234-tulA" && level==0 && jtag_device_ctx=="jsn-TUL-1234-tulA-23727093-0"}
fpga -file C:/DevWorks/SOC_NeoPixel_Axi/Neopixel_App/Neopixel_4modes_app/_ide/bitstream/Neopixel_buttons.bit
targets -set -nocase -filter {name =~"APU*"}
loadhw -hw C:/DevWorks/SOC_NeoPixel_Axi/Neopixel_App/SOC_NeoPixel_Axi/export/SOC_NeoPixel_Axi/hw/Neopixel_buttons.xsa -mem-ranges [list {0x40000000 0xbfffffff}] -regs
configparams force-mem-access 1
targets -set -nocase -filter {name =~"APU*"}
source C:/DevWorks/SOC_NeoPixel_Axi/Neopixel_App/Neopixel_4modes_app/_ide/psinit/ps7_init.tcl
ps7_init
ps7_post_config
targets -set -nocase -filter {name =~ "*A9*#0"}
dow C:/DevWorks/SOC_NeoPixel_Axi/Neopixel_App/Neopixel_4modes_app/Debug/Neopixel_4modes_app.elf
configparams force-mem-access 0
----------------End of Script----------------

20:57:01 INFO  : Context for processor 'ps7_cortexa9_0' is selected.
20:57:01 INFO  : 'con' command is executed.
20:57:01 INFO  : ----------------XSDB Script (After Launch)----------------
targets -set -nocase -filter {name =~ "*A9*#0"}
con
----------------End of Script----------------

20:57:01 INFO  : Launch script is exported to file 'C:\DevWorks\SOC_NeoPixel_Axi\Neopixel_App\Neopixel_4modes_app_system\_ide\scripts\debugger_neopixel_4modes_app-default.tcl'
21:09:39 INFO  : Checking for BSP changes to sync application flags for project 'Neopixel_4modes_app'...
21:09:43 INFO  : Disconnected from the channel tcfchan#5.
21:10:23 INFO  : Connected to target on host '127.0.0.1' and port '3121'.
21:10:24 INFO  : Jtag cable 'Xilinx TUL 1234-tulA' is selected.
21:10:24 INFO  : 'jtag frequency' command is executed.
21:10:24 INFO  : Context for 'APU' is selected.
21:10:24 INFO  : System reset is completed.
21:10:27 INFO  : 'after 3000' command is executed.
21:10:27 INFO  : 'targets -set -filter {jtag_cable_name =~ "Xilinx TUL 1234-tulA" && level==0 && jtag_device_ctx=="jsn-TUL-1234-tulA-23727093-0"}' command is executed.
21:10:29 INFO  : Device configured successfully with "C:/DevWorks/SOC_NeoPixel_Axi/Neopixel_App/Neopixel_4modes_app/_ide/bitstream/Neopixel_buttons.bit"
21:10:29 INFO  : Context for 'APU' is selected.
21:10:31 INFO  : Hardware design and registers information is loaded from 'C:/DevWorks/SOC_NeoPixel_Axi/Neopixel_App/SOC_NeoPixel_Axi/export/SOC_NeoPixel_Axi/hw/Neopixel_buttons.xsa'.
21:10:31 INFO  : 'configparams force-mem-access 1' command is executed.
21:10:31 INFO  : Context for 'APU' is selected.
21:10:31 INFO  : Sourcing of 'C:/DevWorks/SOC_NeoPixel_Axi/Neopixel_App/Neopixel_4modes_app/_ide/psinit/ps7_init.tcl' is done.
21:10:31 INFO  : 'ps7_init' command is executed.
21:10:31 INFO  : 'ps7_post_config' command is executed.
21:10:31 INFO  : Context for processor 'ps7_cortexa9_0' is selected.
21:10:32 INFO  : The application 'C:/DevWorks/SOC_NeoPixel_Axi/Neopixel_App/Neopixel_4modes_app/Debug/Neopixel_4modes_app.elf' is downloaded to processor 'ps7_cortexa9_0'.
21:10:32 INFO  : 'configparams force-mem-access 0' command is executed.
21:10:32 INFO  : ----------------XSDB Script----------------
connect -url tcp:127.0.0.1:3121
targets -set -nocase -filter {name =~"APU*"}
rst -system
after 3000
targets -set -filter {jtag_cable_name =~ "Xilinx TUL 1234-tulA" && level==0 && jtag_device_ctx=="jsn-TUL-1234-tulA-23727093-0"}
fpga -file C:/DevWorks/SOC_NeoPixel_Axi/Neopixel_App/Neopixel_4modes_app/_ide/bitstream/Neopixel_buttons.bit
targets -set -nocase -filter {name =~"APU*"}
loadhw -hw C:/DevWorks/SOC_NeoPixel_Axi/Neopixel_App/SOC_NeoPixel_Axi/export/SOC_NeoPixel_Axi/hw/Neopixel_buttons.xsa -mem-ranges [list {0x40000000 0xbfffffff}] -regs
configparams force-mem-access 1
targets -set -nocase -filter {name =~"APU*"}
source C:/DevWorks/SOC_NeoPixel_Axi/Neopixel_App/Neopixel_4modes_app/_ide/psinit/ps7_init.tcl
ps7_init
ps7_post_config
targets -set -nocase -filter {name =~ "*A9*#0"}
dow C:/DevWorks/SOC_NeoPixel_Axi/Neopixel_App/Neopixel_4modes_app/Debug/Neopixel_4modes_app.elf
configparams force-mem-access 0
----------------End of Script----------------

21:10:32 INFO  : Context for processor 'ps7_cortexa9_0' is selected.
21:10:32 INFO  : 'con' command is executed.
21:10:32 INFO  : ----------------XSDB Script (After Launch)----------------
targets -set -nocase -filter {name =~ "*A9*#0"}
con
----------------End of Script----------------

21:10:32 INFO  : Launch script is exported to file 'C:\DevWorks\SOC_NeoPixel_Axi\Neopixel_App\Neopixel_4modes_app_system\_ide\scripts\debugger_neopixel_4modes_app-default.tcl'
21:10:54 INFO  : Disconnected from the channel tcfchan#6.
21:10:59 INFO  : Connected to target on host '127.0.0.1' and port '3121'.
21:10:59 INFO  : Jtag cable 'Xilinx TUL 1234-tulA' is selected.
21:10:59 INFO  : 'jtag frequency' command is executed.
21:10:59 INFO  : Context for 'APU' is selected.
21:10:59 INFO  : System reset is completed.
21:11:02 INFO  : 'after 3000' command is executed.
21:11:02 INFO  : 'targets -set -filter {jtag_cable_name =~ "Xilinx TUL 1234-tulA" && level==0 && jtag_device_ctx=="jsn-TUL-1234-tulA-23727093-0"}' command is executed.
21:11:04 INFO  : Device configured successfully with "C:/DevWorks/SOC_NeoPixel_Axi/Neopixel_App/Neopixel_4modes_app/_ide/bitstream/Neopixel_buttons.bit"
21:11:04 INFO  : Context for 'APU' is selected.
21:11:06 INFO  : Hardware design and registers information is loaded from 'C:/DevWorks/SOC_NeoPixel_Axi/Neopixel_App/SOC_NeoPixel_Axi/export/SOC_NeoPixel_Axi/hw/Neopixel_buttons.xsa'.
21:11:06 INFO  : 'configparams force-mem-access 1' command is executed.
21:11:06 INFO  : Context for 'APU' is selected.
21:11:06 INFO  : Sourcing of 'C:/DevWorks/SOC_NeoPixel_Axi/Neopixel_App/Neopixel_4modes_app/_ide/psinit/ps7_init.tcl' is done.
21:11:06 INFO  : 'ps7_init' command is executed.
21:11:07 INFO  : 'ps7_post_config' command is executed.
21:11:07 INFO  : Context for processor 'ps7_cortexa9_0' is selected.
21:11:07 INFO  : The application 'C:/DevWorks/SOC_NeoPixel_Axi/Neopixel_App/Neopixel_4modes_app/Debug/Neopixel_4modes_app.elf' is downloaded to processor 'ps7_cortexa9_0'.
21:11:07 INFO  : 'configparams force-mem-access 0' command is executed.
21:11:07 INFO  : ----------------XSDB Script----------------
connect -url tcp:127.0.0.1:3121
targets -set -nocase -filter {name =~"APU*"}
rst -system
after 3000
targets -set -filter {jtag_cable_name =~ "Xilinx TUL 1234-tulA" && level==0 && jtag_device_ctx=="jsn-TUL-1234-tulA-23727093-0"}
fpga -file C:/DevWorks/SOC_NeoPixel_Axi/Neopixel_App/Neopixel_4modes_app/_ide/bitstream/Neopixel_buttons.bit
targets -set -nocase -filter {name =~"APU*"}
loadhw -hw C:/DevWorks/SOC_NeoPixel_Axi/Neopixel_App/SOC_NeoPixel_Axi/export/SOC_NeoPixel_Axi/hw/Neopixel_buttons.xsa -mem-ranges [list {0x40000000 0xbfffffff}] -regs
configparams force-mem-access 1
targets -set -nocase -filter {name =~"APU*"}
source C:/DevWorks/SOC_NeoPixel_Axi/Neopixel_App/Neopixel_4modes_app/_ide/psinit/ps7_init.tcl
ps7_init
ps7_post_config
targets -set -nocase -filter {name =~ "*A9*#0"}
dow C:/DevWorks/SOC_NeoPixel_Axi/Neopixel_App/Neopixel_4modes_app/Debug/Neopixel_4modes_app.elf
configparams force-mem-access 0
----------------End of Script----------------

21:11:07 INFO  : Context for processor 'ps7_cortexa9_0' is selected.
21:11:07 INFO  : 'con' command is executed.
21:11:07 INFO  : ----------------XSDB Script (After Launch)----------------
targets -set -nocase -filter {name =~ "*A9*#0"}
con
----------------End of Script----------------

21:11:07 INFO  : Launch script is exported to file 'C:\DevWorks\SOC_NeoPixel_Axi\Neopixel_App\Neopixel_4modes_app_system\_ide\scripts\debugger_neopixel_4modes_app-default.tcl'
21:11:39 INFO  : Disconnected from the channel tcfchan#7.
21:12:46 INFO  : Connected to target on host '127.0.0.1' and port '3121'.
21:13:04 INFO  : ----------------XSDB Script----------------
connect -url tcp:127.0.0.1:3121
----------------End of Script----------------

21:13:04 ERROR : Could not find ARM device on the board for connection 'Local'.
Check if the target is in:
1. Split JTAG - No operations are possible with ARM DAP.
2. Non JTAG bootmode - Bootrom may need time to enable DAP.
Please try again.


Troubleshooting hints:
1. Check whether board is connected to system properly.
2. In case of zynq board, check whether Digilent/Xilinx cable switch settings are correct.
3. If you are using Xilinx Platform Cable USB, ensure that status LED is green.
21:13:08 INFO  : Checking for BSP changes to sync application flags for project 'Neopixel_4modes_app'...
21:13:14 INFO  : Connected to target on host '127.0.0.1' and port '3121'.
21:13:32 INFO  : ----------------XSDB Script----------------
connect -url tcp:127.0.0.1:3121
----------------End of Script----------------

21:13:32 ERROR : Could not find ARM device on the board for connection 'Local'.
Check if the target is in:
1. Split JTAG - No operations are possible with ARM DAP.
2. Non JTAG bootmode - Bootrom may need time to enable DAP.
Please try again.


Troubleshooting hints:
1. Check whether board is connected to system properly.
2. In case of zynq board, check whether Digilent/Xilinx cable switch settings are correct.
3. If you are using Xilinx Platform Cable USB, ensure that status LED is green.
21:13:40 INFO  : Connected to target on host '127.0.0.1' and port '3121'.
21:13:40 INFO  : Jtag cable 'Xilinx TUL 1234-tulA' is selected.
21:13:40 INFO  : 'jtag frequency' command is executed.
21:13:40 INFO  : Context for 'APU' is selected.
21:13:40 INFO  : System reset is completed.
21:13:43 INFO  : 'after 3000' command is executed.
21:13:43 INFO  : 'targets -set -filter {jtag_cable_name =~ "Xilinx TUL 1234-tulA" && level==0 && jtag_device_ctx=="jsn-TUL-1234-tulA-23727093-0"}' command is executed.
21:13:46 INFO  : Device configured successfully with "C:/DevWorks/SOC_NeoPixel_Axi/Neopixel_App/Neopixel_4modes_app/_ide/bitstream/Neopixel_buttons.bit"
21:13:46 INFO  : Context for 'APU' is selected.
21:13:46 INFO  : Hardware design and registers information is loaded from 'C:/DevWorks/SOC_NeoPixel_Axi/Neopixel_App/SOC_NeoPixel_Axi/export/SOC_NeoPixel_Axi/hw/Neopixel_buttons.xsa'.
21:13:46 INFO  : 'configparams force-mem-access 1' command is executed.
21:13:46 INFO  : Context for 'APU' is selected.
21:13:46 INFO  : Sourcing of 'C:/DevWorks/SOC_NeoPixel_Axi/Neopixel_App/Neopixel_4modes_app/_ide/psinit/ps7_init.tcl' is done.
21:13:46 INFO  : 'ps7_init' command is executed.
21:13:46 INFO  : 'ps7_post_config' command is executed.
21:13:46 INFO  : Context for processor 'ps7_cortexa9_0' is selected.
21:13:46 INFO  : The application 'C:/DevWorks/SOC_NeoPixel_Axi/Neopixel_App/Neopixel_4modes_app/Debug/Neopixel_4modes_app.elf' is downloaded to processor 'ps7_cortexa9_0'.
21:13:46 INFO  : 'configparams force-mem-access 0' command is executed.
21:13:46 INFO  : ----------------XSDB Script----------------
connect -url tcp:127.0.0.1:3121
targets -set -nocase -filter {name =~"APU*"}
rst -system
after 3000
targets -set -filter {jtag_cable_name =~ "Xilinx TUL 1234-tulA" && level==0 && jtag_device_ctx=="jsn-TUL-1234-tulA-23727093-0"}
fpga -file C:/DevWorks/SOC_NeoPixel_Axi/Neopixel_App/Neopixel_4modes_app/_ide/bitstream/Neopixel_buttons.bit
targets -set -nocase -filter {name =~"APU*"}
loadhw -hw C:/DevWorks/SOC_NeoPixel_Axi/Neopixel_App/SOC_NeoPixel_Axi/export/SOC_NeoPixel_Axi/hw/Neopixel_buttons.xsa -mem-ranges [list {0x40000000 0xbfffffff}] -regs
configparams force-mem-access 1
targets -set -nocase -filter {name =~"APU*"}
source C:/DevWorks/SOC_NeoPixel_Axi/Neopixel_App/Neopixel_4modes_app/_ide/psinit/ps7_init.tcl
ps7_init
ps7_post_config
targets -set -nocase -filter {name =~ "*A9*#0"}
dow C:/DevWorks/SOC_NeoPixel_Axi/Neopixel_App/Neopixel_4modes_app/Debug/Neopixel_4modes_app.elf
configparams force-mem-access 0
----------------End of Script----------------

21:13:46 INFO  : Context for processor 'ps7_cortexa9_0' is selected.
21:13:46 INFO  : 'con' command is executed.
21:13:46 INFO  : ----------------XSDB Script (After Launch)----------------
targets -set -nocase -filter {name =~ "*A9*#0"}
con
----------------End of Script----------------

21:13:46 INFO  : Launch script is exported to file 'C:\DevWorks\SOC_NeoPixel_Axi\Neopixel_App\Neopixel_4modes_app_system\_ide\scripts\debugger_neopixel_4modes_app-default.tcl'
21:14:45 INFO  : Disconnected from the channel tcfchan#8.
21:26:39 INFO  : Checking for BSP changes to sync application flags for project 'Neopixel_4modes_app'...
21:28:04 INFO  : Checking for BSP changes to sync application flags for project 'Neopixel_4modes_app'...
21:28:12 INFO  : Connected to target on host '127.0.0.1' and port '3121'.
21:28:12 INFO  : Jtag cable 'Xilinx TUL 1234-tulA' is selected.
21:28:12 INFO  : 'jtag frequency' command is executed.
21:28:12 INFO  : Context for 'APU' is selected.
21:28:12 INFO  : System reset is completed.
21:28:15 INFO  : 'after 3000' command is executed.
21:28:15 INFO  : 'targets -set -filter {jtag_cable_name =~ "Xilinx TUL 1234-tulA" && level==0 && jtag_device_ctx=="jsn-TUL-1234-tulA-23727093-0"}' command is executed.
21:28:18 INFO  : Device configured successfully with "C:/DevWorks/SOC_NeoPixel_Axi/Neopixel_App/Neopixel_4modes_app/_ide/bitstream/Neopixel_buttons.bit"
21:28:18 INFO  : Context for 'APU' is selected.
21:28:18 INFO  : Hardware design and registers information is loaded from 'C:/DevWorks/SOC_NeoPixel_Axi/Neopixel_App/SOC_NeoPixel_Axi/export/SOC_NeoPixel_Axi/hw/Neopixel_buttons.xsa'.
21:28:18 INFO  : 'configparams force-mem-access 1' command is executed.
21:28:18 INFO  : Context for 'APU' is selected.
21:28:18 INFO  : Sourcing of 'C:/DevWorks/SOC_NeoPixel_Axi/Neopixel_App/Neopixel_4modes_app/_ide/psinit/ps7_init.tcl' is done.
21:28:18 INFO  : 'ps7_init' command is executed.
21:28:18 INFO  : 'ps7_post_config' command is executed.
21:28:18 INFO  : Context for processor 'ps7_cortexa9_0' is selected.
21:28:18 INFO  : The application 'C:/DevWorks/SOC_NeoPixel_Axi/Neopixel_App/Neopixel_4modes_app/Debug/Neopixel_4modes_app.elf' is downloaded to processor 'ps7_cortexa9_0'.
21:28:18 INFO  : 'configparams force-mem-access 0' command is executed.
21:28:18 INFO  : ----------------XSDB Script----------------
connect -url tcp:127.0.0.1:3121
targets -set -nocase -filter {name =~"APU*"}
rst -system
after 3000
targets -set -filter {jtag_cable_name =~ "Xilinx TUL 1234-tulA" && level==0 && jtag_device_ctx=="jsn-TUL-1234-tulA-23727093-0"}
fpga -file C:/DevWorks/SOC_NeoPixel_Axi/Neopixel_App/Neopixel_4modes_app/_ide/bitstream/Neopixel_buttons.bit
targets -set -nocase -filter {name =~"APU*"}
loadhw -hw C:/DevWorks/SOC_NeoPixel_Axi/Neopixel_App/SOC_NeoPixel_Axi/export/SOC_NeoPixel_Axi/hw/Neopixel_buttons.xsa -mem-ranges [list {0x40000000 0xbfffffff}] -regs
configparams force-mem-access 1
targets -set -nocase -filter {name =~"APU*"}
source C:/DevWorks/SOC_NeoPixel_Axi/Neopixel_App/Neopixel_4modes_app/_ide/psinit/ps7_init.tcl
ps7_init
ps7_post_config
targets -set -nocase -filter {name =~ "*A9*#0"}
dow C:/DevWorks/SOC_NeoPixel_Axi/Neopixel_App/Neopixel_4modes_app/Debug/Neopixel_4modes_app.elf
configparams force-mem-access 0
----------------End of Script----------------

21:28:18 INFO  : Context for processor 'ps7_cortexa9_0' is selected.
21:28:18 INFO  : 'con' command is executed.
21:28:18 INFO  : ----------------XSDB Script (After Launch)----------------
targets -set -nocase -filter {name =~ "*A9*#0"}
con
----------------End of Script----------------

21:28:18 INFO  : Launch script is exported to file 'C:\DevWorks\SOC_NeoPixel_Axi\Neopixel_App\Neopixel_4modes_app_system\_ide\scripts\debugger_neopixel_4modes_app-default.tcl'
21:30:44 INFO  : Checking for BSP changes to sync application flags for project 'Neopixel_4modes_app'...
21:31:01 INFO  : Checking for BSP changes to sync application flags for project 'Neopixel_4modes_app'...
21:31:05 INFO  : Disconnected from the channel tcfchan#9.
21:31:06 INFO  : Connected to target on host '127.0.0.1' and port '3121'.
21:31:15 INFO  : ----------------XSDB Script----------------
connect -url tcp:127.0.0.1:3121
----------------End of Script----------------

21:31:15 ERROR : Could not find FPGA device on the board for connection 'Local'.


Troubleshooting hints:
1. Check whether board is connected to system properly.
2. In case of zynq board, check whether Digilent/Xilinx cable switch settings are correct.
3. If you are using Xilinx Platform Cable USB, ensure that status LED is green.
21:31:20 INFO  : Connected to target on host '127.0.0.1' and port '3121'.
21:31:20 INFO  : Jtag cable 'Xilinx TUL 1234-tulA' is selected.
21:31:20 INFO  : 'jtag frequency' command is executed.
21:31:20 INFO  : Context for 'APU' is selected.
21:31:20 INFO  : System reset is completed.
21:31:23 INFO  : 'after 3000' command is executed.
21:31:23 INFO  : 'targets -set -filter {jtag_cable_name =~ "Xilinx TUL 1234-tulA" && level==0 && jtag_device_ctx=="jsn-TUL-1234-tulA-23727093-0"}' command is executed.
21:31:25 INFO  : Device configured successfully with "C:/DevWorks/SOC_NeoPixel_Axi/Neopixel_App/Neopixel_4modes_app/_ide/bitstream/Neopixel_buttons.bit"
21:31:26 INFO  : Context for 'APU' is selected.
21:31:28 INFO  : Hardware design and registers information is loaded from 'C:/DevWorks/SOC_NeoPixel_Axi/Neopixel_App/SOC_NeoPixel_Axi/export/SOC_NeoPixel_Axi/hw/Neopixel_buttons.xsa'.
21:31:28 INFO  : 'configparams force-mem-access 1' command is executed.
21:31:28 INFO  : Context for 'APU' is selected.
21:31:28 INFO  : Sourcing of 'C:/DevWorks/SOC_NeoPixel_Axi/Neopixel_App/Neopixel_4modes_app/_ide/psinit/ps7_init.tcl' is done.
21:31:28 INFO  : 'ps7_init' command is executed.
21:31:28 INFO  : 'ps7_post_config' command is executed.
21:31:28 INFO  : Context for processor 'ps7_cortexa9_0' is selected.
21:31:28 INFO  : The application 'C:/DevWorks/SOC_NeoPixel_Axi/Neopixel_App/Neopixel_4modes_app/Debug/Neopixel_4modes_app.elf' is downloaded to processor 'ps7_cortexa9_0'.
21:31:28 INFO  : 'configparams force-mem-access 0' command is executed.
21:31:28 INFO  : ----------------XSDB Script----------------
connect -url tcp:127.0.0.1:3121
targets -set -nocase -filter {name =~"APU*"}
rst -system
after 3000
targets -set -filter {jtag_cable_name =~ "Xilinx TUL 1234-tulA" && level==0 && jtag_device_ctx=="jsn-TUL-1234-tulA-23727093-0"}
fpga -file C:/DevWorks/SOC_NeoPixel_Axi/Neopixel_App/Neopixel_4modes_app/_ide/bitstream/Neopixel_buttons.bit
targets -set -nocase -filter {name =~"APU*"}
loadhw -hw C:/DevWorks/SOC_NeoPixel_Axi/Neopixel_App/SOC_NeoPixel_Axi/export/SOC_NeoPixel_Axi/hw/Neopixel_buttons.xsa -mem-ranges [list {0x40000000 0xbfffffff}] -regs
configparams force-mem-access 1
targets -set -nocase -filter {name =~"APU*"}
source C:/DevWorks/SOC_NeoPixel_Axi/Neopixel_App/Neopixel_4modes_app/_ide/psinit/ps7_init.tcl
ps7_init
ps7_post_config
targets -set -nocase -filter {name =~ "*A9*#0"}
dow C:/DevWorks/SOC_NeoPixel_Axi/Neopixel_App/Neopixel_4modes_app/Debug/Neopixel_4modes_app.elf
configparams force-mem-access 0
----------------End of Script----------------

21:31:28 INFO  : Context for processor 'ps7_cortexa9_0' is selected.
21:31:28 INFO  : 'con' command is executed.
21:31:28 INFO  : ----------------XSDB Script (After Launch)----------------
targets -set -nocase -filter {name =~ "*A9*#0"}
con
----------------End of Script----------------

21:31:28 INFO  : Launch script is exported to file 'C:\DevWorks\SOC_NeoPixel_Axi\Neopixel_App\Neopixel_4modes_app_system\_ide\scripts\debugger_neopixel_4modes_app-default.tcl'
21:43:01 INFO  : Checking for BSP changes to sync application flags for project 'Neopixel_4modes_app'...
21:44:02 INFO  : Checking for BSP changes to sync application flags for project 'Neopixel_4modes_app'...
21:44:14 INFO  : Checking for BSP changes to sync application flags for project 'Neopixel_4modes_app'...
21:44:57 INFO  : Checking for BSP changes to sync application flags for project 'Neopixel_4modes_app'...
21:46:07 INFO  : Checking for BSP changes to sync application flags for project 'Neopixel_4modes_app'...
21:48:41 INFO  : Checking for BSP changes to sync application flags for project 'Neopixel_4modes_app'...
21:49:30 INFO  : Checking for BSP changes to sync application flags for project 'Neopixel_4modes_app'...
21:50:39 INFO  : Checking for BSP changes to sync application flags for project 'Neopixel_4modes_app'...
21:53:10 INFO  : Checking for BSP changes to sync application flags for project 'Neopixel_4modes_app'...
21:53:21 INFO  : Disconnected from the channel tcfchan#10.
21:53:23 INFO  : Connected to target on host '127.0.0.1' and port '3121'.
21:53:24 INFO  : Jtag cable 'Xilinx TUL 1234-tulA' is selected.
21:53:24 INFO  : 'jtag frequency' command is executed.
21:53:24 INFO  : Context for 'APU' is selected.
21:53:24 INFO  : System reset is completed.
21:53:27 INFO  : 'after 3000' command is executed.
21:53:27 INFO  : 'targets -set -filter {jtag_cable_name =~ "Xilinx TUL 1234-tulA" && level==0 && jtag_device_ctx=="jsn-TUL-1234-tulA-23727093-0"}' command is executed.
21:53:29 INFO  : Device configured successfully with "C:/DevWorks/SOC_NeoPixel_Axi/Neopixel_App/Neopixel_4modes_app/_ide/bitstream/Neopixel_buttons.bit"
21:53:29 INFO  : Context for 'APU' is selected.
21:53:32 INFO  : Hardware design and registers information is loaded from 'C:/DevWorks/SOC_NeoPixel_Axi/Neopixel_App/SOC_NeoPixel_Axi/export/SOC_NeoPixel_Axi/hw/Neopixel_buttons.xsa'.
21:53:32 INFO  : 'configparams force-mem-access 1' command is executed.
21:53:32 INFO  : Context for 'APU' is selected.
21:53:32 INFO  : Sourcing of 'C:/DevWorks/SOC_NeoPixel_Axi/Neopixel_App/Neopixel_4modes_app/_ide/psinit/ps7_init.tcl' is done.
21:53:32 INFO  : 'ps7_init' command is executed.
21:53:32 INFO  : 'ps7_post_config' command is executed.
21:53:32 INFO  : Context for processor 'ps7_cortexa9_0' is selected.
21:53:32 INFO  : The application 'C:/DevWorks/SOC_NeoPixel_Axi/Neopixel_App/Neopixel_4modes_app/Debug/Neopixel_4modes_app.elf' is downloaded to processor 'ps7_cortexa9_0'.
21:53:32 INFO  : 'configparams force-mem-access 0' command is executed.
21:53:32 INFO  : ----------------XSDB Script----------------
connect -url tcp:127.0.0.1:3121
targets -set -nocase -filter {name =~"APU*"}
rst -system
after 3000
targets -set -filter {jtag_cable_name =~ "Xilinx TUL 1234-tulA" && level==0 && jtag_device_ctx=="jsn-TUL-1234-tulA-23727093-0"}
fpga -file C:/DevWorks/SOC_NeoPixel_Axi/Neopixel_App/Neopixel_4modes_app/_ide/bitstream/Neopixel_buttons.bit
targets -set -nocase -filter {name =~"APU*"}
loadhw -hw C:/DevWorks/SOC_NeoPixel_Axi/Neopixel_App/SOC_NeoPixel_Axi/export/SOC_NeoPixel_Axi/hw/Neopixel_buttons.xsa -mem-ranges [list {0x40000000 0xbfffffff}] -regs
configparams force-mem-access 1
targets -set -nocase -filter {name =~"APU*"}
source C:/DevWorks/SOC_NeoPixel_Axi/Neopixel_App/Neopixel_4modes_app/_ide/psinit/ps7_init.tcl
ps7_init
ps7_post_config
targets -set -nocase -filter {name =~ "*A9*#0"}
dow C:/DevWorks/SOC_NeoPixel_Axi/Neopixel_App/Neopixel_4modes_app/Debug/Neopixel_4modes_app.elf
configparams force-mem-access 0
----------------End of Script----------------

21:53:32 INFO  : Context for processor 'ps7_cortexa9_0' is selected.
21:53:32 INFO  : 'con' command is executed.
21:53:32 INFO  : ----------------XSDB Script (After Launch)----------------
targets -set -nocase -filter {name =~ "*A9*#0"}
con
----------------End of Script----------------

21:53:32 INFO  : Launch script is exported to file 'C:\DevWorks\SOC_NeoPixel_Axi\Neopixel_App\Neopixel_4modes_app_system\_ide\scripts\debugger_neopixel_4modes_app-default.tcl'
21:55:34 INFO  : Projects exported to 'C:\DevWorks\SOC_NeoPixel_Axi\neopixel_4modes.ide.zip'
21:55:38 INFO  : Disconnected from the channel tcfchan#11.
