20:13:00 DEBUG : Logs will be stored at 'C:/DevWorks/SOC_NeoPixel_Axi/VITIS/IDE.log'.
20:13:03 INFO  : Platform repository initialization has completed.
20:13:03 INFO  : Registering command handlers for Vitis TCF services
20:13:03 INFO  : Launching XSCT server: xsct.bat -n  -interactive C:\DevWorks\SOC_NeoPixel_Axi\VITIS\temp_xsdb_launch_script.tcl
20:13:03 ERROR : (XSDB Server)'\gnu\microblaze\lin\bin\' is not recognized as an internal or external command,
operable program or batch file.

20:13:03 ERROR : (XSDB Server)'\gnu\microblaze\nt\bin\' is not recognized as an internal or external command,
operable program or batch file.

20:13:03 ERROR : (XSDB Server)'\gnuwin\bin\' is not recognized as an internal or external command,
operable program or batch file.

20:13:07 INFO  : XSCT server has started successfully.
20:13:10 INFO  : plnx-install-location is set to ''
20:13:10 INFO  : Successfully done setting XSCT server connection channel  
20:13:10 INFO  : Successfully done query RDI_DATADIR 
20:13:10 INFO  : Successfully done setting workspace for the tool. 
20:14:10 INFO  : Result from executing command 'getProjects': SOC_NeoPixel_AXI
20:14:10 INFO  : Result from executing command 'getPlatforms': 
20:14:10 WARN  : An unexpected exception occurred in the module 'platform project logging'
20:14:10 INFO  : Platform 'SOC_NeoPixel_AXI' is added to custom repositories.
20:14:19 INFO  : Platform 'SOC_NeoPixel_AXI' is added to custom repositories.
20:16:41 INFO  : Checking for BSP changes to sync application flags for project 'NeoPixel_AXI_App'...
20:16:41 INFO  : Result from executing command 'getProjects': NeoPixel_AXI_App;NeoPixel_AXI_App_system;RemoteSystemsTempFiles;SOC_NeoPixel_AXI
20:16:41 WARN  : Failed to closehw "C:/DevWorks/SOC_NeoPixel_Axi/VITIS/SOC_NeoPixel_AXI/export/SOC_NeoPixel_AXI/hw/SOC_NeoPixel_AXI.xsa"
Reason: C:/DevWorks/SOC_NeoPixel_Axi/VITIS/SOC_NeoPixel_AXI/export/SOC_NeoPixel_AXI/hw/SOC_NeoPixel_AXI.xsa is not available in the current workspace
use 'getprojects' command to see list of available projects in current workspace
20:16:41 INFO  : Result from executing command 'getProjects': NeoPixel_AXI_App;NeoPixel_AXI_App_system;RemoteSystemsTempFiles;SOC_NeoPixel_AXI
20:16:41 ERROR : Failed to openhw "C:/DevWorks/SOC_NeoPixel_Axi/VITIS/SOC_NeoPixel_AXI/export/SOC_NeoPixel_AXI/hw/SOC_NeoPixel_AXI.xsa"
Reason: C:/DevWorks/SOC_NeoPixel_Axi/VITIS/SOC_NeoPixel_AXI/export/SOC_NeoPixel_AXI/hw/SOC_NeoPixel_AXI.xsa is not available in the current workspace
use 'getprojects' command to see list of available projects in current workspace
20:16:41 ERROR : Failed to update application flags from BSP for 'NeoPixel_AXI_App'. Reason: null
java.lang.NullPointerException: null
	at com.xilinx.sdx.sw.internal.SDxSwPlatform.<init>(SDxSwPlatform.java:305) ~[com.xilinx.sdx.sw_1.0.0.202404291623.jar:?]
	at com.xilinx.sdx.sw.internal.SDxSwPlatform.create(SDxSwPlatform.java:214) ~[com.xilinx.sdx.sw_1.0.0.202404291623.jar:?]
	at com.xilinx.sdx.sdk.core.util.SdkPlatformHelper.getSwPlatform(SdkPlatformHelper.java:64) ~[com.xilinx.sdx.sdk.core_1.0.0.202404291623.jar:?]
	at com.xilinx.sdx.sdk.core.build.SdkMakefileGenerationListener.getSwPlatform(SdkMakefileGenerationListener.java:160) ~[com.xilinx.sdx.sdk.core_1.0.0.202404291623.jar:?]
	at com.xilinx.sdx.sdk.core.build.SdkMakefileGenerationListener.syncAppFlags(SdkMakefileGenerationListener.java:78) [com.xilinx.sdx.sdk.core_1.0.0.202404291623.jar:?]
	at com.xilinx.sdx.sdk.core.build.SdkMakefileGenerationListener.preMakefileGeneration(SdkMakefileGenerationListener.java:48) [com.xilinx.sdx.sdk.core_1.0.0.202404291623.jar:?]
	at com.xilinx.sdk.managedbuilder.XilinxGnuMakefileGenerator.notifyPreMakefileGenerationListeners(XilinxGnuMakefileGenerator.java:91) [com.xilinx.sdk.managedbuilder_1.0.0.202404291623.jar:?]
	at com.xilinx.sdk.managedbuilder.XilinxGnuMakefileGenerator.regenerateMakefiles(XilinxGnuMakefileGenerator.java:75) [com.xilinx.sdk.managedbuilder_1.0.0.202404291623.jar:?]
	at org.eclipse.cdt.managedbuilder.internal.core.CommonBuilder.performMakefileGeneration(CommonBuilder.java:1006) [org.eclipse.cdt.managedbuilder.core_8.6.0.201802261533.jar:?]
	at org.eclipse.cdt.managedbuilder.internal.core.CommonBuilder.performPrebuildGeneration(CommonBuilder.java:873) [org.eclipse.cdt.managedbuilder.core_8.6.0.201802261533.jar:?]
	at org.eclipse.cdt.managedbuilder.internal.core.CommonBuilder.build(CommonBuilder.java:748) [org.eclipse.cdt.managedbuilder.core_8.6.0.201802261533.jar:?]
	at org.eclipse.cdt.managedbuilder.internal.core.CommonBuilder.build(CommonBuilder.java:513) [org.eclipse.cdt.managedbuilder.core_8.6.0.201802261533.jar:?]
	at org.eclipse.cdt.managedbuilder.internal.core.CommonBuilder.build(CommonBuilder.java:459) [org.eclipse.cdt.managedbuilder.core_8.6.0.201802261533.jar:?]
	at org.eclipse.core.internal.events.BuildManager$2.run(BuildManager.java:832) [org.eclipse.core.resources_3.13.700.v20200209-1624.jar:?]
	at org.eclipse.core.runtime.SafeRunner.run(SafeRunner.java:45) [org.eclipse.equinox.common_3.11.0.v20200206-0817.jar:?]
	at org.eclipse.core.internal.events.BuildManager.basicBuild(BuildManager.java:220) [org.eclipse.core.resources_3.13.700.v20200209-1624.jar:?]
	at org.eclipse.core.internal.events.BuildManager.basicBuild(BuildManager.java:263) [org.eclipse.core.resources_3.13.700.v20200209-1624.jar:?]
	at org.eclipse.core.internal.events.BuildManager$1.run(BuildManager.java:316) [org.eclipse.core.resources_3.13.700.v20200209-1624.jar:?]
	at org.eclipse.core.runtime.SafeRunner.run(SafeRunner.java:45) [org.eclipse.equinox.common_3.11.0.v20200206-0817.jar:?]
	at org.eclipse.core.internal.events.BuildManager.basicBuild(BuildManager.java:319) [org.eclipse.core.resources_3.13.700.v20200209-1624.jar:?]
	at org.eclipse.core.internal.events.BuildManager.basicBuildLoop(BuildManager.java:371) [org.eclipse.core.resources_3.13.700.v20200209-1624.jar:?]
	at org.eclipse.core.internal.events.BuildManager.build(BuildManager.java:392) [org.eclipse.core.resources_3.13.700.v20200209-1624.jar:?]
	at org.eclipse.core.internal.resources.Workspace.buildInternal(Workspace.java:515) [org.eclipse.core.resources_3.13.700.v20200209-1624.jar:?]
	at org.eclipse.core.internal.resources.Workspace.build(Workspace.java:412) [org.eclipse.core.resources_3.13.700.v20200209-1624.jar:?]
	at org.eclipse.ui.actions.BuildAction$1.runInWorkspace(BuildAction.java:291) [org.eclipse.ui.ide_3.17.0.v20200217-1511.jar:?]
	at org.eclipse.core.internal.resources.InternalWorkspaceJob.run(InternalWorkspaceJob.java:42) [org.eclipse.core.resources_3.13.700.v20200209-1624.jar:?]
	at org.eclipse.core.internal.jobs.Worker.run(Worker.java:63) [org.eclipse.core.jobs_3.10.700.v20200106-1020.jar:?]
20:18:54 INFO  : Result from executing command 'getProjects': SOC_NeoPixel_AXI
20:18:54 INFO  : Result from executing command 'getPlatforms': SOC_NeoPixel_AXI|C:/DevWorks/SOC_NeoPixel_Axi/VITIS/SOC_NeoPixel_AXI/export/SOC_NeoPixel_AXI/SOC_NeoPixel_AXI.xpfm
20:19:08 INFO  : Checking for BSP changes to sync application flags for project 'NeoPixel_AXI_App'...
20:21:07 INFO  : Checking for BSP changes to sync application flags for project 'NeoPixel_AXI_App'...
20:23:54 INFO  : Checking for BSP changes to sync application flags for project 'NeoPixel_AXI_App'...
20:27:17 INFO  : Connected to target on host '127.0.0.1' and port '3121'.
20:27:17 INFO  : Jtag cable 'Xilinx HW-FTDI-TEST FT2232H 1234-tulA' is selected.
20:27:17 INFO  : 'jtag frequency' command is executed.
20:27:17 INFO  : Context for 'APU' is selected.
20:27:17 INFO  : System reset is completed.
20:27:20 INFO  : 'after 3000' command is executed.
20:27:21 INFO  : 'targets -set -filter {jtag_cable_name =~ "Xilinx HW-FTDI-TEST FT2232H 1234-tulA" && level==0 && jtag_device_ctx=="jsn-HW-FTDI-TEST FT2232H-1234-tulA-23727093-0"}' command is executed.
20:27:23 INFO  : Device configured successfully with "C:/DevWorks/SOC_NeoPixel_Axi/VITIS/NeoPixel_AXI_App/_ide/bitstream/SOC_NeoPixel_AXI.bit"
20:27:23 INFO  : Context for 'APU' is selected.
20:27:23 INFO  : Hardware design and registers information is loaded from 'C:/DevWorks/SOC_NeoPixel_Axi/VITIS/SOC_NeoPixel_AXI/export/SOC_NeoPixel_AXI/hw/SOC_NeoPixel_AXI.xsa'.
20:27:23 INFO  : 'configparams force-mem-access 1' command is executed.
20:27:23 INFO  : Context for 'APU' is selected.
20:27:23 INFO  : Sourcing of 'C:/DevWorks/SOC_NeoPixel_Axi/VITIS/NeoPixel_AXI_App/_ide/psinit/ps7_init.tcl' is done.
20:27:23 INFO  : 'ps7_init' command is executed.
20:27:23 INFO  : 'ps7_post_config' command is executed.
20:27:23 INFO  : Context for processor 'ps7_cortexa9_0' is selected.
20:27:23 INFO  : The application 'C:/DevWorks/SOC_NeoPixel_Axi/VITIS/NeoPixel_AXI_App/Debug/NeoPixel_AXI_App.elf' is downloaded to processor 'ps7_cortexa9_0'.
20:27:23 INFO  : 'configparams force-mem-access 0' command is executed.
20:27:23 INFO  : ----------------XSDB Script----------------
connect -url tcp:127.0.0.1:3121
targets -set -nocase -filter {name =~"APU*"}
rst -system
after 3000
targets -set -filter {jtag_cable_name =~ "Xilinx HW-FTDI-TEST FT2232H 1234-tulA" && level==0 && jtag_device_ctx=="jsn-HW-FTDI-TEST FT2232H-1234-tulA-23727093-0"}
fpga -file C:/DevWorks/SOC_NeoPixel_Axi/VITIS/NeoPixel_AXI_App/_ide/bitstream/SOC_NeoPixel_AXI.bit
targets -set -nocase -filter {name =~"APU*"}
loadhw -hw C:/DevWorks/SOC_NeoPixel_Axi/VITIS/SOC_NeoPixel_AXI/export/SOC_NeoPixel_AXI/hw/SOC_NeoPixel_AXI.xsa -mem-ranges [list {0x40000000 0xbfffffff}] -regs
configparams force-mem-access 1
targets -set -nocase -filter {name =~"APU*"}
source C:/DevWorks/SOC_NeoPixel_Axi/VITIS/NeoPixel_AXI_App/_ide/psinit/ps7_init.tcl
ps7_init
ps7_post_config
targets -set -nocase -filter {name =~ "*A9*#0"}
dow C:/DevWorks/SOC_NeoPixel_Axi/VITIS/NeoPixel_AXI_App/Debug/NeoPixel_AXI_App.elf
configparams force-mem-access 0
----------------End of Script----------------

20:27:24 INFO  : Context for processor 'ps7_cortexa9_0' is selected.
20:27:24 INFO  : 'con' command is executed.
20:27:24 INFO  : ----------------XSDB Script (After Launch)----------------
targets -set -nocase -filter {name =~ "*A9*#0"}
con
----------------End of Script----------------

20:27:24 INFO  : Launch script is exported to file 'C:\DevWorks\SOC_NeoPixel_Axi\VITIS\NeoPixel_AXI_App_system\_ide\scripts\debugger_neopixel_axi_app-default.tcl'
20:28:25 INFO  : Checking for BSP changes to sync application flags for project 'NeoPixel_AXI_App'...
20:30:40 INFO  : Checking for BSP changes to sync application flags for project 'NeoPixel_AXI_App'...
20:31:25 INFO  : Checking for BSP changes to sync application flags for project 'NeoPixel_AXI_App'...
20:33:54 INFO  : Checking for BSP changes to sync application flags for project 'NeoPixel_AXI_App'...
20:35:43 INFO  : Result from executing command 'removePlatformRepo': 
20:36:02 INFO  : Result from executing command 'getProjects': SOC_NeoPixel_AXI
20:36:02 INFO  : Result from executing command 'getPlatforms': 
20:36:03 INFO  : Checking for BSP changes to sync application flags for project 'NeoPixel_AXI_App'...
20:36:29 INFO  : Disconnected from the channel tcfchan#6.
20:36:38 INFO  : Connected to target on host '127.0.0.1' and port '3121'.
20:36:38 INFO  : Jtag cable 'Xilinx HW-FTDI-TEST FT2232H 1234-tulA' is selected.
20:36:38 INFO  : 'jtag frequency' command is executed.
20:36:38 INFO  : Context for 'APU' is selected.
20:36:38 INFO  : System reset is completed.
20:36:41 INFO  : 'after 3000' command is executed.
20:36:41 INFO  : 'targets -set -filter {jtag_cable_name =~ "Xilinx HW-FTDI-TEST FT2232H 1234-tulA" && level==0 && jtag_device_ctx=="jsn-HW-FTDI-TEST FT2232H-1234-tulA-23727093-0"}' command is executed.
20:36:44 INFO  : Device configured successfully with "C:/DevWorks/SOC_NeoPixel_Axi/VITIS/NeoPixel_AXI_App/_ide/bitstream/SOC_NeoPixel_AXI.bit"
20:36:44 INFO  : Context for 'APU' is selected.
20:36:44 INFO  : Hardware design and registers information is loaded from 'C:/DevWorks/SOC_NeoPixel_Axi/VITIS/SOC_NeoPixel_AXI/export/SOC_NeoPixel_AXI/hw/SOC_NeoPixel_AXI.xsa'.
20:36:44 INFO  : 'configparams force-mem-access 1' command is executed.
20:36:44 INFO  : Context for 'APU' is selected.
20:36:44 INFO  : Sourcing of 'C:/DevWorks/SOC_NeoPixel_Axi/VITIS/NeoPixel_AXI_App/_ide/psinit/ps7_init.tcl' is done.
20:36:44 INFO  : 'ps7_init' command is executed.
20:36:44 INFO  : 'ps7_post_config' command is executed.
20:36:44 INFO  : Context for processor 'ps7_cortexa9_0' is selected.
20:36:44 INFO  : The application 'C:/DevWorks/SOC_NeoPixel_Axi/VITIS/NeoPixel_AXI_App/Debug/NeoPixel_AXI_App.elf' is downloaded to processor 'ps7_cortexa9_0'.
20:36:44 INFO  : 'configparams force-mem-access 0' command is executed.
20:36:44 INFO  : ----------------XSDB Script----------------
connect -url tcp:127.0.0.1:3121
targets -set -nocase -filter {name =~"APU*"}
rst -system
after 3000
targets -set -filter {jtag_cable_name =~ "Xilinx HW-FTDI-TEST FT2232H 1234-tulA" && level==0 && jtag_device_ctx=="jsn-HW-FTDI-TEST FT2232H-1234-tulA-23727093-0"}
fpga -file C:/DevWorks/SOC_NeoPixel_Axi/VITIS/NeoPixel_AXI_App/_ide/bitstream/SOC_NeoPixel_AXI.bit
targets -set -nocase -filter {name =~"APU*"}
loadhw -hw C:/DevWorks/SOC_NeoPixel_Axi/VITIS/SOC_NeoPixel_AXI/export/SOC_NeoPixel_AXI/hw/SOC_NeoPixel_AXI.xsa -mem-ranges [list {0x40000000 0xbfffffff}] -regs
configparams force-mem-access 1
targets -set -nocase -filter {name =~"APU*"}
source C:/DevWorks/SOC_NeoPixel_Axi/VITIS/NeoPixel_AXI_App/_ide/psinit/ps7_init.tcl
ps7_init
ps7_post_config
targets -set -nocase -filter {name =~ "*A9*#0"}
dow C:/DevWorks/SOC_NeoPixel_Axi/VITIS/NeoPixel_AXI_App/Debug/NeoPixel_AXI_App.elf
configparams force-mem-access 0
----------------End of Script----------------

20:36:44 INFO  : Context for processor 'ps7_cortexa9_0' is selected.
20:36:44 INFO  : 'con' command is executed.
20:36:44 INFO  : ----------------XSDB Script (After Launch)----------------
targets -set -nocase -filter {name =~ "*A9*#0"}
con
----------------End of Script----------------

20:36:44 INFO  : Launch script is exported to file 'C:\DevWorks\SOC_NeoPixel_Axi\VITIS\NeoPixel_AXI_App_system\_ide\scripts\debugger_neopixel_axi_app-default.tcl'
20:37:17 INFO  : Disconnected from the channel tcfchan#9.
20:47:09 INFO  : Checking for BSP changes to sync application flags for project 'NeoPixel_AXI_App'...
20:47:18 INFO  : Connected to target on host '127.0.0.1' and port '3121'.
20:47:18 INFO  : Jtag cable 'Xilinx HW-FTDI-TEST FT2232H 1234-tulA' is selected.
20:47:18 INFO  : 'jtag frequency' command is executed.
20:47:18 INFO  : Context for 'APU' is selected.
20:47:18 INFO  : System reset is completed.
20:47:21 INFO  : 'after 3000' command is executed.
20:47:21 INFO  : 'targets -set -filter {jtag_cable_name =~ "Xilinx HW-FTDI-TEST FT2232H 1234-tulA" && level==0 && jtag_device_ctx=="jsn-HW-FTDI-TEST FT2232H-1234-tulA-23727093-0"}' command is executed.
20:47:24 INFO  : Device configured successfully with "C:/DevWorks/SOC_NeoPixel_Axi/VITIS/NeoPixel_AXI_App/_ide/bitstream/SOC_NeoPixel_AXI.bit"
20:47:24 INFO  : Context for 'APU' is selected.
20:47:24 INFO  : Hardware design and registers information is loaded from 'C:/DevWorks/SOC_NeoPixel_Axi/VITIS/SOC_NeoPixel_AXI/export/SOC_NeoPixel_AXI/hw/SOC_NeoPixel_AXI.xsa'.
20:47:24 INFO  : 'configparams force-mem-access 1' command is executed.
20:47:24 INFO  : Context for 'APU' is selected.
20:47:24 INFO  : Sourcing of 'C:/DevWorks/SOC_NeoPixel_Axi/VITIS/NeoPixel_AXI_App/_ide/psinit/ps7_init.tcl' is done.
20:47:24 INFO  : 'ps7_init' command is executed.
20:47:24 INFO  : 'ps7_post_config' command is executed.
20:47:24 INFO  : Context for processor 'ps7_cortexa9_0' is selected.
20:47:24 INFO  : The application 'C:/DevWorks/SOC_NeoPixel_Axi/VITIS/NeoPixel_AXI_App/Debug/NeoPixel_AXI_App.elf' is downloaded to processor 'ps7_cortexa9_0'.
20:47:24 INFO  : 'configparams force-mem-access 0' command is executed.
20:47:24 INFO  : ----------------XSDB Script----------------
connect -url tcp:127.0.0.1:3121
targets -set -nocase -filter {name =~"APU*"}
rst -system
after 3000
targets -set -filter {jtag_cable_name =~ "Xilinx HW-FTDI-TEST FT2232H 1234-tulA" && level==0 && jtag_device_ctx=="jsn-HW-FTDI-TEST FT2232H-1234-tulA-23727093-0"}
fpga -file C:/DevWorks/SOC_NeoPixel_Axi/VITIS/NeoPixel_AXI_App/_ide/bitstream/SOC_NeoPixel_AXI.bit
targets -set -nocase -filter {name =~"APU*"}
loadhw -hw C:/DevWorks/SOC_NeoPixel_Axi/VITIS/SOC_NeoPixel_AXI/export/SOC_NeoPixel_AXI/hw/SOC_NeoPixel_AXI.xsa -mem-ranges [list {0x40000000 0xbfffffff}] -regs
configparams force-mem-access 1
targets -set -nocase -filter {name =~"APU*"}
source C:/DevWorks/SOC_NeoPixel_Axi/VITIS/NeoPixel_AXI_App/_ide/psinit/ps7_init.tcl
ps7_init
ps7_post_config
targets -set -nocase -filter {name =~ "*A9*#0"}
dow C:/DevWorks/SOC_NeoPixel_Axi/VITIS/NeoPixel_AXI_App/Debug/NeoPixel_AXI_App.elf
configparams force-mem-access 0
----------------End of Script----------------

20:47:24 INFO  : Context for processor 'ps7_cortexa9_0' is selected.
20:47:24 INFO  : 'con' command is executed.
20:47:24 INFO  : ----------------XSDB Script (After Launch)----------------
targets -set -nocase -filter {name =~ "*A9*#0"}
con
----------------End of Script----------------

20:47:24 INFO  : Launch script is exported to file 'C:\DevWorks\SOC_NeoPixel_Axi\VITIS\NeoPixel_AXI_App_system\_ide\scripts\debugger_neopixel_axi_app-default.tcl'
20:48:52 INFO  : Disconnected from the channel tcfchan#10.
16:22:12 DEBUG : Logs will be stored at 'C:/DevWorks/SOC_NeoPixel_Axi/VITIS/IDE.log'.
16:22:13 INFO  : Launching XSCT server: xsct.bat -n  -interactive C:\DevWorks\SOC_NeoPixel_Axi\VITIS\temp_xsdb_launch_script.tcl
16:22:13 ERROR : (XSDB Server)'\gnu\microblaze\lin\bin\' is not recognized as an internal or external command,
operable program or batch file.

16:22:13 ERROR : (XSDB Server)'\gnu\microblaze\nt\bin\' is not recognized as an internal or external command,
operable program or batch file.

16:22:13 ERROR : (XSDB Server)'\gnuwin\bin\' is not recognized as an internal or external command,
operable program or batch file.

16:22:16 INFO  : Registering command handlers for Vitis TCF services
16:22:16 INFO  : Platform repository initialization has completed.
16:22:17 INFO  : XSCT server has started successfully.
16:22:19 INFO  : plnx-install-location is set to ''
16:22:19 INFO  : Successfully done setting XSCT server connection channel  
16:22:19 INFO  : Successfully done query RDI_DATADIR 
16:22:19 INFO  : Successfully done setting workspace for the tool. 
16:25:20 INFO  : Hardware specification for platform project 'SOC_NeoPixel_AXI' is updated.
16:26:20 INFO  : Checking for BSP changes to sync application flags for project 'NeoPixel_AXI_App'...
16:26:20 INFO  : Result from executing command 'getProjects': NeoPixel_AXI_App;NeoPixel_AXI_App_system;RemoteSystemsTempFiles;SOC_NeoPixel_AXI
16:26:20 ERROR : Failed to openhw "C:/DevWorks/SOC_NeoPixel_Axi/VITIS/SOC_NeoPixel_AXI/export/SOC_NeoPixel_AXI/hw/SOC_NeoPixel_AXI.xsa"
Reason: C:/DevWorks/SOC_NeoPixel_Axi/VITIS/SOC_NeoPixel_AXI/export/SOC_NeoPixel_AXI/hw/SOC_NeoPixel_AXI.xsa is not available in the current workspace
use 'getprojects' command to see list of available projects in current workspace
16:26:20 ERROR : Failed to update application flags from BSP for 'NeoPixel_AXI_App'. Reason: null
java.lang.NullPointerException: null
	at com.xilinx.sdx.sw.internal.SDxSwPlatform.<init>(SDxSwPlatform.java:305) ~[com.xilinx.sdx.sw_1.0.0.202404291623.jar:?]
	at com.xilinx.sdx.sw.internal.SDxSwPlatform.create(SDxSwPlatform.java:214) ~[com.xilinx.sdx.sw_1.0.0.202404291623.jar:?]
	at com.xilinx.sdx.sdk.core.util.SdkPlatformHelper.getSwPlatform(SdkPlatformHelper.java:64) ~[com.xilinx.sdx.sdk.core_1.0.0.202404291623.jar:?]
	at com.xilinx.sdx.sdk.core.build.SdkMakefileGenerationListener.getSwPlatform(SdkMakefileGenerationListener.java:160) ~[com.xilinx.sdx.sdk.core_1.0.0.202404291623.jar:?]
	at com.xilinx.sdx.sdk.core.build.SdkMakefileGenerationListener.syncAppFlags(SdkMakefileGenerationListener.java:78) [com.xilinx.sdx.sdk.core_1.0.0.202404291623.jar:?]
	at com.xilinx.sdx.sdk.core.build.SdkMakefileGenerationListener.preMakefileGeneration(SdkMakefileGenerationListener.java:48) [com.xilinx.sdx.sdk.core_1.0.0.202404291623.jar:?]
	at com.xilinx.sdk.managedbuilder.XilinxGnuMakefileGenerator.notifyPreMakefileGenerationListeners(XilinxGnuMakefileGenerator.java:91) [com.xilinx.sdk.managedbuilder_1.0.0.202404291623.jar:?]
	at com.xilinx.sdk.managedbuilder.XilinxGnuMakefileGenerator.generateMakefiles(XilinxGnuMakefileGenerator.java:40) [com.xilinx.sdk.managedbuilder_1.0.0.202404291623.jar:?]
	at org.eclipse.cdt.managedbuilder.internal.core.CommonBuilder.performMakefileGeneration(CommonBuilder.java:1008) [org.eclipse.cdt.managedbuilder.core_8.6.0.201802261533.jar:?]
	at org.eclipse.cdt.managedbuilder.internal.core.CommonBuilder.performPrebuildGeneration(CommonBuilder.java:873) [org.eclipse.cdt.managedbuilder.core_8.6.0.201802261533.jar:?]
	at org.eclipse.cdt.managedbuilder.internal.core.CommonBuilder.build(CommonBuilder.java:748) [org.eclipse.cdt.managedbuilder.core_8.6.0.201802261533.jar:?]
	at org.eclipse.cdt.managedbuilder.internal.core.CommonBuilder.build(CommonBuilder.java:510) [org.eclipse.cdt.managedbuilder.core_8.6.0.201802261533.jar:?]
	at org.eclipse.cdt.managedbuilder.internal.core.CommonBuilder.build(CommonBuilder.java:459) [org.eclipse.cdt.managedbuilder.core_8.6.0.201802261533.jar:?]
	at org.eclipse.core.internal.events.BuildManager$2.run(BuildManager.java:832) [org.eclipse.core.resources_3.13.700.v20200209-1624.jar:?]
	at org.eclipse.core.runtime.SafeRunner.run(SafeRunner.java:45) [org.eclipse.equinox.common_3.11.0.v20200206-0817.jar:?]
	at org.eclipse.core.internal.events.BuildManager.basicBuild(BuildManager.java:220) [org.eclipse.core.resources_3.13.700.v20200209-1624.jar:?]
	at org.eclipse.core.internal.events.BuildManager.basicBuild(BuildManager.java:263) [org.eclipse.core.resources_3.13.700.v20200209-1624.jar:?]
	at org.eclipse.core.internal.events.BuildManager$1.run(BuildManager.java:316) [org.eclipse.core.resources_3.13.700.v20200209-1624.jar:?]
	at org.eclipse.core.runtime.SafeRunner.run(SafeRunner.java:45) [org.eclipse.equinox.common_3.11.0.v20200206-0817.jar:?]
	at org.eclipse.core.internal.events.BuildManager.basicBuild(BuildManager.java:319) [org.eclipse.core.resources_3.13.700.v20200209-1624.jar:?]
	at org.eclipse.core.internal.events.BuildManager.basicBuildLoop(BuildManager.java:371) [org.eclipse.core.resources_3.13.700.v20200209-1624.jar:?]
	at org.eclipse.core.internal.events.BuildManager.build(BuildManager.java:392) [org.eclipse.core.resources_3.13.700.v20200209-1624.jar:?]
	at org.eclipse.core.internal.resources.Workspace.buildInternal(Workspace.java:515) [org.eclipse.core.resources_3.13.700.v20200209-1624.jar:?]
	at org.eclipse.core.internal.resources.Workspace.build(Workspace.java:412) [org.eclipse.core.resources_3.13.700.v20200209-1624.jar:?]
	at org.eclipse.ui.actions.BuildAction$1.runInWorkspace(BuildAction.java:291) [org.eclipse.ui.ide_3.17.0.v20200217-1511.jar:?]
	at org.eclipse.core.internal.resources.InternalWorkspaceJob.run(InternalWorkspaceJob.java:42) [org.eclipse.core.resources_3.13.700.v20200209-1624.jar:?]
	at org.eclipse.core.internal.jobs.Worker.run(Worker.java:63) [org.eclipse.core.jobs_3.10.700.v20200106-1020.jar:?]
16:26:22 ERROR : Failed to compute checksum of hardware specification file used by project 'NeoPixel_AXI_App'
16:26:22 INFO  : Result from executing command 'getProjects': NeoPixel_AXI_App;NeoPixel_AXI_App_system;RemoteSystemsTempFiles;SOC_NeoPixel_AXI
16:26:22 ERROR : Failed to openhw "C:/DevWorks/SOC_NeoPixel_Axi/VITIS/SOC_NeoPixel_AXI/export/SOC_NeoPixel_AXI/hw/SOC_NeoPixel_AXI.xsa"
Reason: C:/DevWorks/SOC_NeoPixel_Axi/VITIS/SOC_NeoPixel_AXI/export/SOC_NeoPixel_AXI/hw/SOC_NeoPixel_AXI.xsa is not available in the current workspace
use 'getprojects' command to see list of available projects in current workspace
16:26:22 INFO  : Result from executing command 'getProjects': NeoPixel_AXI_App;NeoPixel_AXI_App_system;RemoteSystemsTempFiles;SOC_NeoPixel_AXI
16:26:22 ERROR : Failed to openhw "C:/DevWorks/SOC_NeoPixel_Axi/VITIS/SOC_NeoPixel_AXI/export/SOC_NeoPixel_AXI/hw/SOC_NeoPixel_AXI.xsa"
Reason: C:/DevWorks/SOC_NeoPixel_Axi/VITIS/SOC_NeoPixel_AXI/export/SOC_NeoPixel_AXI/hw/SOC_NeoPixel_AXI.xsa is not available in the current workspace
use 'getprojects' command to see list of available projects in current workspace
16:26:22 INFO  : Result from executing command 'getProjects': NeoPixel_AXI_App;NeoPixel_AXI_App_system;RemoteSystemsTempFiles;SOC_NeoPixel_AXI
16:26:22 ERROR : Failed to openhw "C:/DevWorks/SOC_NeoPixel_Axi/VITIS/SOC_NeoPixel_AXI/export/SOC_NeoPixel_AXI/hw/SOC_NeoPixel_AXI.xsa"
Reason: C:/DevWorks/SOC_NeoPixel_Axi/VITIS/SOC_NeoPixel_AXI/export/SOC_NeoPixel_AXI/hw/SOC_NeoPixel_AXI.xsa is not available in the current workspace
use 'getprojects' command to see list of available projects in current workspace
16:29:27 INFO  : Result from executing command 'getProjects': SOC_NeoPixel_AXI
16:29:27 INFO  : Result from executing command 'getPlatforms': SOC_NeoPixel_AXI|C:/DevWorks/SOC_NeoPixel_Axi/VITIS/SOC_NeoPixel_AXI/export/SOC_NeoPixel_AXI/SOC_NeoPixel_AXI.xpfm
16:29:33 INFO  : Checking for BSP changes to sync application flags for project 'NeoPixel_AXI_App'...
16:29:36 INFO  : The hardware specification used by project 'NeoPixel_AXI_App' is out of sync with the platform. Resource files extracted from the hardware specification will be updated.
16:29:36 INFO  : The file 'C:\DevWorks\SOC_NeoPixel_Axi\VITIS\NeoPixel_AXI_App\_ide\bitstream\SOC_NeoPixel_AXI.bit' stored in project is removed.
16:29:36 INFO  : The updated bitstream files are copied from platform to folder 'C:\DevWorks\SOC_NeoPixel_Axi\VITIS\NeoPixel_AXI_App\_ide\bitstream' in project 'NeoPixel_AXI_App'.
16:29:36 INFO  : The file 'C:\DevWorks\SOC_NeoPixel_Axi\VITIS\NeoPixel_AXI_App\_ide\psinit\ps7_init.tcl' stored in project is removed.
16:29:41 INFO  : The updated ps init files are copied from platform to folder 'C:\DevWorks\SOC_NeoPixel_Axi\VITIS\NeoPixel_AXI_App\_ide\psinit' in project 'NeoPixel_AXI_App'.
16:31:15 INFO  : Result from executing command 'removePlatformRepo': 
16:31:35 INFO  : Result from executing command 'getProjects': SOC_NeoPixel_AXI
16:31:35 INFO  : Result from executing command 'getPlatforms': 
16:31:43 INFO  : Result from executing command 'removePlatformRepo': 
16:32:08 INFO  : Result from executing command 'getProjects': SOC_NeoPixel_AXI
16:32:08 INFO  : Result from executing command 'getPlatforms': 
16:32:08 INFO  : Checking for BSP changes to sync application flags for project 'NeoPixel_AXI_App'...
16:33:49 INFO  : Connected to target on host '127.0.0.1' and port '3121'.
16:33:50 INFO  : Jtag cable 'Xilinx TUL 1234-tulA' is selected.
16:33:50 INFO  : 'jtag frequency' command is executed.
16:33:50 INFO  : Context for 'APU' is selected.
16:33:50 INFO  : System reset is completed.
16:33:53 INFO  : 'after 3000' command is executed.
16:33:53 INFO  : 'targets -set -filter {jtag_cable_name =~ "Xilinx TUL 1234-tulA" && level==0 && jtag_device_ctx=="jsn-TUL-1234-tulA-23727093-0"}' command is executed.
16:33:56 INFO  : Device configured successfully with "C:/DevWorks/SOC_NeoPixel_Axi/VITIS/NeoPixel_AXI_App/_ide/bitstream/SOC_NeoPixel_Axi.bit"
16:33:56 INFO  : Context for 'APU' is selected.
16:33:56 INFO  : Hardware design and registers information is loaded from 'C:/DevWorks/SOC_NeoPixel_Axi/VITIS/SOC_NeoPixel_AXI/export/SOC_NeoPixel_AXI/hw/SOC_NeoPixel_Axi.xsa'.
16:33:56 INFO  : 'configparams force-mem-access 1' command is executed.
16:33:56 INFO  : Context for 'APU' is selected.
16:33:56 INFO  : Sourcing of 'C:/DevWorks/SOC_NeoPixel_Axi/VITIS/NeoPixel_AXI_App/_ide/psinit/ps7_init.tcl' is done.
16:33:56 INFO  : 'ps7_init' command is executed.
16:33:56 INFO  : 'ps7_post_config' command is executed.
16:33:56 INFO  : Context for processor 'ps7_cortexa9_0' is selected.
16:33:56 INFO  : The application 'C:/DevWorks/SOC_NeoPixel_Axi/VITIS/NeoPixel_AXI_App/Debug/NeoPixel_AXI_App.elf' is downloaded to processor 'ps7_cortexa9_0'.
16:33:56 INFO  : 'configparams force-mem-access 0' command is executed.
16:33:56 INFO  : ----------------XSDB Script----------------
connect -url tcp:127.0.0.1:3121
targets -set -nocase -filter {name =~"APU*"}
rst -system
after 3000
targets -set -filter {jtag_cable_name =~ "Xilinx TUL 1234-tulA" && level==0 && jtag_device_ctx=="jsn-TUL-1234-tulA-23727093-0"}
fpga -file C:/DevWorks/SOC_NeoPixel_Axi/VITIS/NeoPixel_AXI_App/_ide/bitstream/SOC_NeoPixel_Axi.bit
targets -set -nocase -filter {name =~"APU*"}
loadhw -hw C:/DevWorks/SOC_NeoPixel_Axi/VITIS/SOC_NeoPixel_AXI/export/SOC_NeoPixel_AXI/hw/SOC_NeoPixel_Axi.xsa -mem-ranges [list {0x40000000 0xbfffffff}] -regs
configparams force-mem-access 1
targets -set -nocase -filter {name =~"APU*"}
source C:/DevWorks/SOC_NeoPixel_Axi/VITIS/NeoPixel_AXI_App/_ide/psinit/ps7_init.tcl
ps7_init
ps7_post_config
targets -set -nocase -filter {name =~ "*A9*#0"}
dow C:/DevWorks/SOC_NeoPixel_Axi/VITIS/NeoPixel_AXI_App/Debug/NeoPixel_AXI_App.elf
configparams force-mem-access 0
----------------End of Script----------------

16:33:56 INFO  : Context for processor 'ps7_cortexa9_0' is selected.
16:33:56 INFO  : 'con' command is executed.
16:33:56 INFO  : ----------------XSDB Script (After Launch)----------------
targets -set -nocase -filter {name =~ "*A9*#0"}
con
----------------End of Script----------------

16:33:56 INFO  : Launch script is exported to file 'C:\DevWorks\SOC_NeoPixel_Axi\VITIS\NeoPixel_AXI_App_system\_ide\scripts\debugger_neopixel_axi_app-default.tcl'
16:35:08 INFO  : Disconnected from the channel tcfchan#11.
16:35:59 INFO  : Connected to target on host '127.0.0.1' and port '3121'.
16:36:00 INFO  : Jtag cable 'Xilinx TUL 1234-tulA' is selected.
16:36:00 INFO  : 'jtag frequency' command is executed.
16:36:00 INFO  : Context for 'APU' is selected.
16:36:00 INFO  : System reset is completed.
16:36:03 INFO  : 'after 3000' command is executed.
16:36:03 INFO  : 'targets -set -filter {jtag_cable_name =~ "Xilinx TUL 1234-tulA" && level==0 && jtag_device_ctx=="jsn-TUL-1234-tulA-23727093-0"}' command is executed.
16:36:05 INFO  : Device configured successfully with "C:/DevWorks/SOC_NeoPixel_Axi/VITIS/NeoPixel_AXI_App/_ide/bitstream/SOC_NeoPixel_Axi.bit"
16:36:05 INFO  : Context for 'APU' is selected.
16:36:05 INFO  : Hardware design and registers information is loaded from 'C:/DevWorks/SOC_NeoPixel_Axi/VITIS/SOC_NeoPixel_AXI/export/SOC_NeoPixel_AXI/hw/SOC_NeoPixel_Axi.xsa'.
16:36:05 INFO  : 'configparams force-mem-access 1' command is executed.
16:36:05 INFO  : Context for 'APU' is selected.
16:36:05 INFO  : Sourcing of 'C:/DevWorks/SOC_NeoPixel_Axi/VITIS/NeoPixel_AXI_App/_ide/psinit/ps7_init.tcl' is done.
16:36:06 INFO  : 'ps7_init' command is executed.
16:36:06 INFO  : 'ps7_post_config' command is executed.
16:36:06 INFO  : Context for processor 'ps7_cortexa9_0' is selected.
16:36:06 INFO  : The application 'C:/DevWorks/SOC_NeoPixel_Axi/VITIS/NeoPixel_AXI_App/Debug/NeoPixel_AXI_App.elf' is downloaded to processor 'ps7_cortexa9_0'.
16:36:06 INFO  : 'configparams force-mem-access 0' command is executed.
16:36:06 INFO  : ----------------XSDB Script----------------
connect -url tcp:127.0.0.1:3121
targets -set -nocase -filter {name =~"APU*"}
rst -system
after 3000
targets -set -filter {jtag_cable_name =~ "Xilinx TUL 1234-tulA" && level==0 && jtag_device_ctx=="jsn-TUL-1234-tulA-23727093-0"}
fpga -file C:/DevWorks/SOC_NeoPixel_Axi/VITIS/NeoPixel_AXI_App/_ide/bitstream/SOC_NeoPixel_Axi.bit
targets -set -nocase -filter {name =~"APU*"}
loadhw -hw C:/DevWorks/SOC_NeoPixel_Axi/VITIS/SOC_NeoPixel_AXI/export/SOC_NeoPixel_AXI/hw/SOC_NeoPixel_Axi.xsa -mem-ranges [list {0x40000000 0xbfffffff}] -regs
configparams force-mem-access 1
targets -set -nocase -filter {name =~"APU*"}
source C:/DevWorks/SOC_NeoPixel_Axi/VITIS/NeoPixel_AXI_App/_ide/psinit/ps7_init.tcl
ps7_init
ps7_post_config
targets -set -nocase -filter {name =~ "*A9*#0"}
dow C:/DevWorks/SOC_NeoPixel_Axi/VITIS/NeoPixel_AXI_App/Debug/NeoPixel_AXI_App.elf
configparams force-mem-access 0
----------------End of Script----------------

16:36:06 INFO  : Context for processor 'ps7_cortexa9_0' is selected.
16:36:06 INFO  : 'con' command is executed.
16:36:06 INFO  : ----------------XSDB Script (After Launch)----------------
targets -set -nocase -filter {name =~ "*A9*#0"}
con
----------------End of Script----------------

16:36:06 INFO  : Launch script is exported to file 'C:\DevWorks\SOC_NeoPixel_Axi\VITIS\NeoPixel_AXI_App_system\_ide\scripts\debugger_neopixel_axi_app-default.tcl'
16:36:54 INFO  : Disconnected from the channel tcfchan#12.
16:41:48 INFO  : Connected to target on host '127.0.0.1' and port '3121'.
16:41:48 INFO  : Jtag cable 'Xilinx TUL 1234-tulA' is selected.
16:41:48 INFO  : 'jtag frequency' command is executed.
16:41:48 INFO  : Context for 'APU' is selected.
16:41:48 INFO  : System reset is completed.
16:41:51 INFO  : 'after 3000' command is executed.
16:41:51 INFO  : 'targets -set -filter {jtag_cable_name =~ "Xilinx TUL 1234-tulA" && level==0 && jtag_device_ctx=="jsn-TUL-1234-tulA-23727093-0"}' command is executed.
16:41:53 INFO  : Device configured successfully with "C:/DevWorks/SOC_NeoPixel_Axi/VITIS/NeoPixel_AXI_App/_ide/bitstream/SOC_NeoPixel_Axi.bit"
16:41:54 INFO  : Context for 'APU' is selected.
16:41:54 INFO  : Hardware design and registers information is loaded from 'C:/DevWorks/SOC_NeoPixel_Axi/VITIS/SOC_NeoPixel_AXI/export/SOC_NeoPixel_AXI/hw/SOC_NeoPixel_Axi.xsa'.
16:41:54 INFO  : 'configparams force-mem-access 1' command is executed.
16:41:54 INFO  : Context for 'APU' is selected.
16:41:54 INFO  : Sourcing of 'C:/DevWorks/SOC_NeoPixel_Axi/VITIS/NeoPixel_AXI_App/_ide/psinit/ps7_init.tcl' is done.
16:41:54 INFO  : 'ps7_init' command is executed.
16:41:54 INFO  : 'ps7_post_config' command is executed.
16:41:54 INFO  : Context for processor 'ps7_cortexa9_0' is selected.
16:41:54 INFO  : The application 'C:/DevWorks/SOC_NeoPixel_Axi/VITIS/NeoPixel_AXI_App/Debug/NeoPixel_AXI_App.elf' is downloaded to processor 'ps7_cortexa9_0'.
16:41:54 INFO  : 'configparams force-mem-access 0' command is executed.
16:41:54 INFO  : ----------------XSDB Script----------------
connect -url tcp:127.0.0.1:3121
targets -set -nocase -filter {name =~"APU*"}
rst -system
after 3000
targets -set -filter {jtag_cable_name =~ "Xilinx TUL 1234-tulA" && level==0 && jtag_device_ctx=="jsn-TUL-1234-tulA-23727093-0"}
fpga -file C:/DevWorks/SOC_NeoPixel_Axi/VITIS/NeoPixel_AXI_App/_ide/bitstream/SOC_NeoPixel_Axi.bit
targets -set -nocase -filter {name =~"APU*"}
loadhw -hw C:/DevWorks/SOC_NeoPixel_Axi/VITIS/SOC_NeoPixel_AXI/export/SOC_NeoPixel_AXI/hw/SOC_NeoPixel_Axi.xsa -mem-ranges [list {0x40000000 0xbfffffff}] -regs
configparams force-mem-access 1
targets -set -nocase -filter {name =~"APU*"}
source C:/DevWorks/SOC_NeoPixel_Axi/VITIS/NeoPixel_AXI_App/_ide/psinit/ps7_init.tcl
ps7_init
ps7_post_config
targets -set -nocase -filter {name =~ "*A9*#0"}
dow C:/DevWorks/SOC_NeoPixel_Axi/VITIS/NeoPixel_AXI_App/Debug/NeoPixel_AXI_App.elf
configparams force-mem-access 0
----------------End of Script----------------

16:41:54 INFO  : Context for processor 'ps7_cortexa9_0' is selected.
16:41:54 INFO  : 'con' command is executed.
16:41:54 INFO  : ----------------XSDB Script (After Launch)----------------
targets -set -nocase -filter {name =~ "*A9*#0"}
con
----------------End of Script----------------

16:41:54 INFO  : Launch script is exported to file 'C:\DevWorks\SOC_NeoPixel_Axi\VITIS\NeoPixel_AXI_App_system\_ide\scripts\debugger_neopixel_axi_app-default.tcl'
16:50:30 INFO  : Disconnected from the channel tcfchan#13.
16:51:08 INFO  : Checking for BSP changes to sync application flags for project 'NeoPixel_AXI_App'...
16:51:15 INFO  : Connected to target on host '127.0.0.1' and port '3121'.
16:51:15 INFO  : Jtag cable 'Xilinx TUL 1234-tulA' is selected.
16:51:15 INFO  : 'jtag frequency' command is executed.
16:51:15 INFO  : Context for 'APU' is selected.
16:51:15 INFO  : System reset is completed.
16:51:18 INFO  : 'after 3000' command is executed.
16:51:18 INFO  : 'targets -set -filter {jtag_cable_name =~ "Xilinx TUL 1234-tulA" && level==0 && jtag_device_ctx=="jsn-TUL-1234-tulA-23727093-0"}' command is executed.
16:51:21 INFO  : Device configured successfully with "C:/DevWorks/SOC_NeoPixel_Axi/VITIS/NeoPixel_AXI_App/_ide/bitstream/SOC_NeoPixel_Axi.bit"
16:51:21 INFO  : Context for 'APU' is selected.
16:51:21 INFO  : Hardware design and registers information is loaded from 'C:/DevWorks/SOC_NeoPixel_Axi/VITIS/SOC_NeoPixel_AXI/export/SOC_NeoPixel_AXI/hw/SOC_NeoPixel_Axi.xsa'.
16:51:21 INFO  : 'configparams force-mem-access 1' command is executed.
16:51:21 INFO  : Context for 'APU' is selected.
16:51:21 INFO  : Sourcing of 'C:/DevWorks/SOC_NeoPixel_Axi/VITIS/NeoPixel_AXI_App/_ide/psinit/ps7_init.tcl' is done.
16:51:21 INFO  : 'ps7_init' command is executed.
16:51:21 INFO  : 'ps7_post_config' command is executed.
16:51:21 INFO  : Context for processor 'ps7_cortexa9_0' is selected.
16:51:21 INFO  : The application 'C:/DevWorks/SOC_NeoPixel_Axi/VITIS/NeoPixel_AXI_App/Debug/NeoPixel_AXI_App.elf' is downloaded to processor 'ps7_cortexa9_0'.
16:51:21 INFO  : 'configparams force-mem-access 0' command is executed.
16:51:21 INFO  : ----------------XSDB Script----------------
connect -url tcp:127.0.0.1:3121
targets -set -nocase -filter {name =~"APU*"}
rst -system
after 3000
targets -set -filter {jtag_cable_name =~ "Xilinx TUL 1234-tulA" && level==0 && jtag_device_ctx=="jsn-TUL-1234-tulA-23727093-0"}
fpga -file C:/DevWorks/SOC_NeoPixel_Axi/VITIS/NeoPixel_AXI_App/_ide/bitstream/SOC_NeoPixel_Axi.bit
targets -set -nocase -filter {name =~"APU*"}
loadhw -hw C:/DevWorks/SOC_NeoPixel_Axi/VITIS/SOC_NeoPixel_AXI/export/SOC_NeoPixel_AXI/hw/SOC_NeoPixel_Axi.xsa -mem-ranges [list {0x40000000 0xbfffffff}] -regs
configparams force-mem-access 1
targets -set -nocase -filter {name =~"APU*"}
source C:/DevWorks/SOC_NeoPixel_Axi/VITIS/NeoPixel_AXI_App/_ide/psinit/ps7_init.tcl
ps7_init
ps7_post_config
targets -set -nocase -filter {name =~ "*A9*#0"}
dow C:/DevWorks/SOC_NeoPixel_Axi/VITIS/NeoPixel_AXI_App/Debug/NeoPixel_AXI_App.elf
configparams force-mem-access 0
----------------End of Script----------------

16:51:21 INFO  : Context for processor 'ps7_cortexa9_0' is selected.
16:51:21 INFO  : 'con' command is executed.
16:51:21 INFO  : ----------------XSDB Script (After Launch)----------------
targets -set -nocase -filter {name =~ "*A9*#0"}
con
----------------End of Script----------------

16:51:21 INFO  : Launch script is exported to file 'C:\DevWorks\SOC_NeoPixel_Axi\VITIS\NeoPixel_AXI_App_system\_ide\scripts\debugger_neopixel_axi_app-default.tcl'
16:52:12 INFO  : Disconnected from the channel tcfchan#14.
16:53:32 INFO  : Connected to target on host '127.0.0.1' and port '3121'.
16:53:32 INFO  : Jtag cable 'Xilinx TUL 1234-tulA' is selected.
16:53:32 INFO  : 'jtag frequency' command is executed.
16:53:32 INFO  : Context for 'APU' is selected.
16:53:32 INFO  : System reset is completed.
16:53:35 INFO  : 'after 3000' command is executed.
16:53:36 INFO  : 'targets -set -filter {jtag_cable_name =~ "Xilinx TUL 1234-tulA" && level==0 && jtag_device_ctx=="jsn-TUL-1234-tulA-23727093-0"}' command is executed.
16:53:38 INFO  : Device configured successfully with "C:/DevWorks/SOC_NeoPixel_Axi/VITIS/NeoPixel_AXI_App/_ide/bitstream/SOC_NeoPixel_Axi.bit"
16:53:38 INFO  : Context for 'APU' is selected.
16:53:38 INFO  : Hardware design and registers information is loaded from 'C:/DevWorks/SOC_NeoPixel_Axi/VITIS/SOC_NeoPixel_AXI/export/SOC_NeoPixel_AXI/hw/SOC_NeoPixel_Axi.xsa'.
16:53:38 INFO  : 'configparams force-mem-access 1' command is executed.
16:53:38 INFO  : Context for 'APU' is selected.
16:53:38 INFO  : Sourcing of 'C:/DevWorks/SOC_NeoPixel_Axi/VITIS/NeoPixel_AXI_App/_ide/psinit/ps7_init.tcl' is done.
16:53:38 INFO  : 'ps7_init' command is executed.
16:53:38 INFO  : 'ps7_post_config' command is executed.
16:53:38 INFO  : Context for processor 'ps7_cortexa9_0' is selected.
16:53:38 INFO  : The application 'C:/DevWorks/SOC_NeoPixel_Axi/VITIS/NeoPixel_AXI_App/Debug/NeoPixel_AXI_App.elf' is downloaded to processor 'ps7_cortexa9_0'.
16:53:38 INFO  : 'configparams force-mem-access 0' command is executed.
16:53:38 INFO  : ----------------XSDB Script----------------
connect -url tcp:127.0.0.1:3121
targets -set -nocase -filter {name =~"APU*"}
rst -system
after 3000
targets -set -filter {jtag_cable_name =~ "Xilinx TUL 1234-tulA" && level==0 && jtag_device_ctx=="jsn-TUL-1234-tulA-23727093-0"}
fpga -file C:/DevWorks/SOC_NeoPixel_Axi/VITIS/NeoPixel_AXI_App/_ide/bitstream/SOC_NeoPixel_Axi.bit
targets -set -nocase -filter {name =~"APU*"}
loadhw -hw C:/DevWorks/SOC_NeoPixel_Axi/VITIS/SOC_NeoPixel_AXI/export/SOC_NeoPixel_AXI/hw/SOC_NeoPixel_Axi.xsa -mem-ranges [list {0x40000000 0xbfffffff}] -regs
configparams force-mem-access 1
targets -set -nocase -filter {name =~"APU*"}
source C:/DevWorks/SOC_NeoPixel_Axi/VITIS/NeoPixel_AXI_App/_ide/psinit/ps7_init.tcl
ps7_init
ps7_post_config
targets -set -nocase -filter {name =~ "*A9*#0"}
dow C:/DevWorks/SOC_NeoPixel_Axi/VITIS/NeoPixel_AXI_App/Debug/NeoPixel_AXI_App.elf
configparams force-mem-access 0
----------------End of Script----------------

16:53:38 INFO  : Context for processor 'ps7_cortexa9_0' is selected.
16:53:38 INFO  : 'con' command is executed.
16:53:38 INFO  : ----------------XSDB Script (After Launch)----------------
targets -set -nocase -filter {name =~ "*A9*#0"}
con
----------------End of Script----------------

16:53:38 INFO  : Launch script is exported to file 'C:\DevWorks\SOC_NeoPixel_Axi\VITIS\NeoPixel_AXI_App_system\_ide\scripts\debugger_neopixel_axi_app-default.tcl'
17:02:16 INFO  : Disconnected from the channel tcfchan#15.
13:34:07 DEBUG : Logs will be stored at 'C:/DevWorks/SOC_NeoPixel_Axi/VITIS/IDE.log'.
13:34:08 INFO  : Launching XSCT server: xsct.bat -n  -interactive C:\DevWorks\SOC_NeoPixel_Axi\VITIS\temp_xsdb_launch_script.tcl
13:34:09 ERROR : (XSDB Server)'\gnu\microblaze\lin\bin\' is not recognized as an internal or external command,
operable program or batch file.

13:34:09 ERROR : (XSDB Server)'\gnu\microblaze\nt\bin\' is not recognized as an internal or external command,
operable program or batch file.

13:34:09 ERROR : (XSDB Server)'\gnuwin\bin\' is not recognized as an internal or external command,
operable program or batch file.

13:34:11 INFO  : Platform repository initialization has completed.
13:34:11 INFO  : Registering command handlers for Vitis TCF services
13:34:13 INFO  : XSCT server has started successfully.
13:34:21 INFO  : plnx-install-location is set to ''
13:34:21 INFO  : Successfully done setting XSCT server connection channel  
13:34:21 INFO  : Successfully done query RDI_DATADIR 
13:34:21 INFO  : Successfully done setting workspace for the tool. 
13:34:58 INFO  : Projects exported to 'C:\DevWorks\SOC_NeoPixel_Axi\neopixel_RGB.ide.zip'
20:41:30 DEBUG : Logs will be stored at 'C:/DevWorks/SOC_NeoPixel_Axi/VITIS/IDE.log'.
20:41:31 INFO  : Launching XSCT server: xsct.bat -n  -interactive C:\DevWorks\SOC_NeoPixel_Axi\VITIS\temp_xsdb_launch_script.tcl
20:41:31 ERROR : (XSDB Server)'\gnu\microblaze\lin\bin\' is not recognized as an internal or external command,
operable program or batch file.

20:41:31 ERROR : (XSDB Server)'\gnu\microblaze\nt\bin\' is not recognized as an internal or external command,
operable program or batch file.

20:41:31 ERROR : (XSDB Server)'\gnuwin\bin\' is not recognized as an internal or external command,
operable program or batch file.

20:41:34 INFO  : Platform repository initialization has completed.
20:41:34 INFO  : Registering command handlers for Vitis TCF services
20:41:36 INFO  : XSCT server has started successfully.
20:41:36 INFO  : Successfully done setting XSCT server connection channel  
20:41:36 INFO  : plnx-install-location is set to ''
20:41:40 INFO  : Successfully done setting workspace for the tool. 
20:41:40 INFO  : Successfully done query RDI_DATADIR 
