12:20:25 DEBUG : Logs will be stored at 'C:/DevWorks/SOC_GPIOBlocks/Vitis/IDE.log'.
12:20:30 INFO  : Platform repository initialization has completed.
12:20:30 INFO  : Registering command handlers for Vitis TCF services
12:20:30 INFO  : Launching XSCT server: xsct.bat -n  -interactive C:\DevWorks\SOC_GPIOBlocks\Vitis\temp_xsdb_launch_script.tcl
12:20:30 ERROR : (XSDB Server)'\gnu\microblaze\lin\bin\' is not recognized as an internal or external command,
operable program or batch file.

12:20:30 ERROR : (XSDB Server)'\gnu\microblaze\nt\bin\' is not recognized as an internal or external command,
operable program or batch file.

12:20:30 ERROR : (XSDB Server)'\gnuwin\bin\' is not recognized as an internal or external command,
operable program or batch file.

12:20:36 INFO  : XSCT server has started successfully.
12:20:40 INFO  : plnx-install-location is set to ''
12:20:40 INFO  : Successfully done setting XSCT server connection channel  
12:20:40 INFO  : Successfully done query RDI_DATADIR 
12:20:40 INFO  : Successfully done setting workspace for the tool. 
12:22:07 INFO  : Result from executing command 'getProjects': SOC_GPIOBlocksApp
12:22:07 INFO  : Result from executing command 'getPlatforms': 
12:22:07 WARN  : An unexpected exception occurred in the module 'platform project logging'
12:22:07 INFO  : Platform 'SOC_GPIOBlocksApp' is added to custom repositories.
12:22:10 ERROR : 
org.eclipse.core.runtime.CoreException: CDT Project already configured
	at org.eclipse.cdt.internal.core.settings.model.ExceptionFactory.createCoreException(ExceptionFactory.java:26) ~[org.eclipse.cdt.core_6.4.0.201802261533.jar:?]
	at org.eclipse.cdt.core.CCorePlugin.mapCProjectOwner(CCorePlugin.java:890) ~[org.eclipse.cdt.core_6.4.0.201802261533.jar:?]
	at org.eclipse.cdt.core.CCorePlugin$1.run(CCorePlugin.java:945) ~[org.eclipse.cdt.core_6.4.0.201802261533.jar:?]
	at org.eclipse.core.internal.resources.Workspace.run(Workspace.java:2292) ~[org.eclipse.core.resources_3.13.700.v20200209-1624.jar:?]
	at org.eclipse.cdt.core.CCorePlugin.createCProject(CCorePlugin.java:930) ~[org.eclipse.cdt.core_6.4.0.201802261533.jar:?]
	at com.xilinx.sdx.sdk.core.gen.AppCreationHandler.createCProject(AppCreationHandler.java:92) ~[?:?]
	at com.xilinx.sdx.sdk.core.gen.StandaloneProjectHandler.createCoreApp(StandaloneProjectHandler.java:67) ~[?:?]
	at com.xilinx.sdx.sdk.core.gen.AppCreationHandler.createApplication(AppCreationHandler.java:79) ~[?:?]
	at com.xilinx.sdx.sdk.core.gen.AppCreationHandler.execute(AppCreationHandler.java:69) ~[?:?]
	at com.xilinx.sdx.sdk.core.SdkAppCreationHandler.executeInternal(SdkAppCreationHandler.java:75) ~[?:?]
	at com.xilinx.sdx.sdk.core.SdkAppCreationHandler.lambda$1(SdkAppCreationHandler.java:67) ~[?:?]
	at org.eclipse.core.internal.resources.Workspace.run(Workspace.java:2292) ~[org.eclipse.core.resources_3.13.700.v20200209-1624.jar:?]
	at org.eclipse.core.internal.resources.Workspace.run(Workspace.java:2312) ~[org.eclipse.core.resources_3.13.700.v20200209-1624.jar:?]
	at com.xilinx.sdx.sdk.core.SdkAppCreationHandler.execute(SdkAppCreationHandler.java:66) ~[?:?]
	at com.xilinx.sdx.npw.NewProjectCreationHandler.createApplicationProject(NewProjectCreationHandler.java:237) ~[?:?]
	at com.xilinx.sdx.npw.NewProjectCreationHandler.internalExecute(NewProjectCreationHandler.java:385) ~[?:?]
	at com.xilinx.sdx.npw.NewProjectCreationHandler$1.execute(NewProjectCreationHandler.java:100) ~[?:?]
	at org.eclipse.ui.actions.WorkspaceModifyOperation.lambda$0(WorkspaceModifyOperation.java:110) ~[?:?]
	at org.eclipse.core.internal.resources.Workspace.run(Workspace.java:2292) [org.eclipse.core.resources_3.13.700.v20200209-1624.jar:?]
	at org.eclipse.core.internal.resources.Workspace.run(Workspace.java:2317) [org.eclipse.core.resources_3.13.700.v20200209-1624.jar:?]
	at org.eclipse.ui.actions.WorkspaceModifyOperation.run(WorkspaceModifyOperation.java:131) [org.eclipse.ui.ide_3.17.0.v20200217-1511.jar:?]
	at org.eclipse.jface.operation.ModalContext$ModalContextThread.run(ModalContext.java:122) [org.eclipse.jface_3.19.0.v20200218-1607.jar:?]
Caused by: org.eclipse.core.runtime.CoreException: CDT Project already configured
	at org.eclipse.cdt.internal.core.CConfigBasedDescriptorManager.configure(CConfigBasedDescriptorManager.java:160) ~[org.eclipse.cdt.core_6.4.0.201802261533.jar:?]
	at org.eclipse.cdt.core.CCorePlugin.mapCProjectOwner(CCorePlugin.java:885) ~[org.eclipse.cdt.core_6.4.0.201802261533.jar:?]
	... 20 more
12:22:10 ERROR : Failed to create application project
org.eclipse.core.runtime.CoreException: CDT Project already configured
	at com.xilinx.sdx.sdk.core.gen.StandaloneProjectHandler.createCoreApp(StandaloneProjectHandler.java:150) ~[?:?]
	at com.xilinx.sdx.sdk.core.gen.AppCreationHandler.createApplication(AppCreationHandler.java:79) ~[?:?]
	at com.xilinx.sdx.sdk.core.gen.AppCreationHandler.execute(AppCreationHandler.java:69) ~[?:?]
	at com.xilinx.sdx.sdk.core.SdkAppCreationHandler.executeInternal(SdkAppCreationHandler.java:75) ~[?:?]
	at com.xilinx.sdx.sdk.core.SdkAppCreationHandler.lambda$1(SdkAppCreationHandler.java:67) ~[?:?]
	at org.eclipse.core.internal.resources.Workspace.run(Workspace.java:2292) ~[org.eclipse.core.resources_3.13.700.v20200209-1624.jar:?]
	at org.eclipse.core.internal.resources.Workspace.run(Workspace.java:2312) ~[org.eclipse.core.resources_3.13.700.v20200209-1624.jar:?]
	at com.xilinx.sdx.sdk.core.SdkAppCreationHandler.execute(SdkAppCreationHandler.java:66) ~[?:?]
	at com.xilinx.sdx.npw.NewProjectCreationHandler.createApplicationProject(NewProjectCreationHandler.java:237) ~[?:?]
	at com.xilinx.sdx.npw.NewProjectCreationHandler.internalExecute(NewProjectCreationHandler.java:385) ~[?:?]
	at com.xilinx.sdx.npw.NewProjectCreationHandler$1.execute(NewProjectCreationHandler.java:100) ~[?:?]
	at org.eclipse.ui.actions.WorkspaceModifyOperation.lambda$0(WorkspaceModifyOperation.java:110) ~[?:?]
	at org.eclipse.core.internal.resources.Workspace.run(Workspace.java:2292) [org.eclipse.core.resources_3.13.700.v20200209-1624.jar:?]
	at org.eclipse.core.internal.resources.Workspace.run(Workspace.java:2317) [org.eclipse.core.resources_3.13.700.v20200209-1624.jar:?]
	at org.eclipse.ui.actions.WorkspaceModifyOperation.run(WorkspaceModifyOperation.java:131) [org.eclipse.ui.ide_3.17.0.v20200217-1511.jar:?]
	at org.eclipse.jface.operation.ModalContext$ModalContextThread.run(ModalContext.java:122) [org.eclipse.jface_3.19.0.v20200218-1607.jar:?]
12:22:10 ERROR : An unexpected exception occurred in the module 'reading platform'
12:23:57 INFO  : Result from executing command 'getProjects': SOC_GPIOBlocks
12:23:57 INFO  : Result from executing command 'getPlatforms': 
12:23:57 ERROR : An unexpected exception occurred in the module 'platform project logging'
12:23:57 INFO  : Platform 'SOC_GPIOBlocks' is added to custom repositories.
12:24:06 INFO  : Platform 'SOC_GPIOBlocks' is added to custom repositories.
12:24:34 INFO  : Result from executing command 'getProjects': SOC_GPIOBlocks
12:24:34 INFO  : Result from executing command 'getPlatforms': SOC_GPIOBlocks|C:/DevWorks/SOC_GPIOBlocks/Vitis/SOC_GPIOBlocks/export/SOC_GPIOBlocks/SOC_GPIOBlocks.xpfm
12:24:37 INFO  : Checking for BSP changes to sync application flags for project 'SOC_GPIOBlocksApp'...
12:24:59 INFO  : Connected to target on host '127.0.0.1' and port '3121'.
12:25:00 INFO  : Jtag cable 'Xilinx TUL 1234-tulA' is selected.
12:25:00 INFO  : 'jtag frequency' command is executed.
12:25:00 INFO  : Context for 'APU' is selected.
12:25:00 INFO  : System reset is completed.
12:25:03 INFO  : 'after 3000' command is executed.
12:25:03 INFO  : 'targets -set -filter {jtag_cable_name =~ "Xilinx TUL 1234-tulA" && level==0 && jtag_device_ctx=="jsn-TUL-1234-tulA-23727093-0"}' command is executed.
12:25:06 INFO  : Device configured successfully with "C:/DevWorks/SOC_GPIOBlocks/Vitis/SOC_GPIOBlocksApp/_ide/bitstream/SOC_GPIOBlocks.bit"
12:25:06 INFO  : Context for 'APU' is selected.
12:25:06 INFO  : Hardware design and registers information is loaded from 'C:/DevWorks/SOC_GPIOBlocks/Vitis/SOC_GPIOBlocks/export/SOC_GPIOBlocks/hw/SOC_GPIOBlocks.xsa'.
12:25:06 INFO  : 'configparams force-mem-access 1' command is executed.
12:25:06 INFO  : Context for 'APU' is selected.
12:25:06 INFO  : Sourcing of 'C:/DevWorks/SOC_GPIOBlocks/Vitis/SOC_GPIOBlocksApp/_ide/psinit/ps7_init.tcl' is done.
12:25:06 INFO  : 'ps7_init' command is executed.
12:25:06 INFO  : 'ps7_post_config' command is executed.
12:25:06 INFO  : Context for processor 'ps7_cortexa9_0' is selected.
12:25:06 INFO  : The application 'C:/DevWorks/SOC_GPIOBlocks/Vitis/SOC_GPIOBlocksApp/Debug/SOC_GPIOBlocksApp.elf' is downloaded to processor 'ps7_cortexa9_0'.
12:25:06 INFO  : 'configparams force-mem-access 0' command is executed.
12:25:06 INFO  : ----------------XSDB Script----------------
connect -url tcp:127.0.0.1:3121
targets -set -nocase -filter {name =~"APU*"}
rst -system
after 3000
targets -set -filter {jtag_cable_name =~ "Xilinx TUL 1234-tulA" && level==0 && jtag_device_ctx=="jsn-TUL-1234-tulA-23727093-0"}
fpga -file C:/DevWorks/SOC_GPIOBlocks/Vitis/SOC_GPIOBlocksApp/_ide/bitstream/SOC_GPIOBlocks.bit
targets -set -nocase -filter {name =~"APU*"}
loadhw -hw C:/DevWorks/SOC_GPIOBlocks/Vitis/SOC_GPIOBlocks/export/SOC_GPIOBlocks/hw/SOC_GPIOBlocks.xsa -mem-ranges [list {0x40000000 0xbfffffff}] -regs
configparams force-mem-access 1
targets -set -nocase -filter {name =~"APU*"}
source C:/DevWorks/SOC_GPIOBlocks/Vitis/SOC_GPIOBlocksApp/_ide/psinit/ps7_init.tcl
ps7_init
ps7_post_config
targets -set -nocase -filter {name =~ "*A9*#0"}
dow C:/DevWorks/SOC_GPIOBlocks/Vitis/SOC_GPIOBlocksApp/Debug/SOC_GPIOBlocksApp.elf
configparams force-mem-access 0
----------------End of Script----------------

12:25:07 INFO  : Context for processor 'ps7_cortexa9_0' is selected.
12:25:07 INFO  : 'con' command is executed.
12:25:07 INFO  : ----------------XSDB Script (After Launch)----------------
targets -set -nocase -filter {name =~ "*A9*#0"}
con
----------------End of Script----------------

12:25:07 INFO  : Launch script is exported to file 'C:\DevWorks\SOC_GPIOBlocks\Vitis\SOC_GPIOBlocksApp_system\_ide\scripts\debugger_soc_gpioblocksapp-default.tcl'
12:26:17 INFO  : Checking for BSP changes to sync application flags for project 'SOC_GPIOBlocksApp'...
12:26:36 INFO  : Disconnected from the channel tcfchan#2.
12:26:37 INFO  : Connected to target on host '127.0.0.1' and port '3121'.
12:26:46 INFO  : ----------------XSDB Script----------------
connect -url tcp:127.0.0.1:3121
----------------End of Script----------------

12:26:46 ERROR : Could not find ARM device on the board for connection 'Local'.
Check if the target is in:
1. Split JTAG - No operations are possible with ARM DAP.
2. Non JTAG bootmode - Bootrom may need time to enable DAP.
Please try again.


Troubleshooting hints:
1. Check whether board is connected to system properly.
2. In case of zynq board, check whether Digilent/Xilinx cable switch settings are correct.
3. If you are using Xilinx Platform Cable USB, ensure that status LED is green.
12:26:54 INFO  : Connected to target on host '127.0.0.1' and port '3121'.
12:26:54 INFO  : Jtag cable 'Xilinx TUL 1234-tulA' is selected.
12:26:54 INFO  : 'jtag frequency' command is executed.
12:26:54 INFO  : Context for 'APU' is selected.
12:26:54 INFO  : System reset is completed.
12:26:57 INFO  : 'after 3000' command is executed.
12:26:57 INFO  : 'targets -set -filter {jtag_cable_name =~ "Xilinx TUL 1234-tulA" && level==0 && jtag_device_ctx=="jsn-TUL-1234-tulA-23727093-0"}' command is executed.
12:27:00 INFO  : Device configured successfully with "C:/DevWorks/SOC_GPIOBlocks/Vitis/SOC_GPIOBlocksApp/_ide/bitstream/SOC_GPIOBlocks.bit"
12:27:00 INFO  : Context for 'APU' is selected.
12:27:00 INFO  : Hardware design and registers information is loaded from 'C:/DevWorks/SOC_GPIOBlocks/Vitis/SOC_GPIOBlocks/export/SOC_GPIOBlocks/hw/SOC_GPIOBlocks.xsa'.
12:27:00 INFO  : 'configparams force-mem-access 1' command is executed.
12:27:00 INFO  : Context for 'APU' is selected.
12:27:00 INFO  : Sourcing of 'C:/DevWorks/SOC_GPIOBlocks/Vitis/SOC_GPIOBlocksApp/_ide/psinit/ps7_init.tcl' is done.
12:27:00 INFO  : 'ps7_init' command is executed.
12:27:00 INFO  : 'ps7_post_config' command is executed.
12:27:00 INFO  : Context for processor 'ps7_cortexa9_0' is selected.
12:27:00 INFO  : The application 'C:/DevWorks/SOC_GPIOBlocks/Vitis/SOC_GPIOBlocksApp/Debug/SOC_GPIOBlocksApp.elf' is downloaded to processor 'ps7_cortexa9_0'.
12:27:01 INFO  : 'configparams force-mem-access 0' command is executed.
12:27:01 INFO  : ----------------XSDB Script----------------
connect -url tcp:127.0.0.1:3121
targets -set -nocase -filter {name =~"APU*"}
rst -system
after 3000
targets -set -filter {jtag_cable_name =~ "Xilinx TUL 1234-tulA" && level==0 && jtag_device_ctx=="jsn-TUL-1234-tulA-23727093-0"}
fpga -file C:/DevWorks/SOC_GPIOBlocks/Vitis/SOC_GPIOBlocksApp/_ide/bitstream/SOC_GPIOBlocks.bit
targets -set -nocase -filter {name =~"APU*"}
loadhw -hw C:/DevWorks/SOC_GPIOBlocks/Vitis/SOC_GPIOBlocks/export/SOC_GPIOBlocks/hw/SOC_GPIOBlocks.xsa -mem-ranges [list {0x40000000 0xbfffffff}] -regs
configparams force-mem-access 1
targets -set -nocase -filter {name =~"APU*"}
source C:/DevWorks/SOC_GPIOBlocks/Vitis/SOC_GPIOBlocksApp/_ide/psinit/ps7_init.tcl
ps7_init
ps7_post_config
targets -set -nocase -filter {name =~ "*A9*#0"}
dow C:/DevWorks/SOC_GPIOBlocks/Vitis/SOC_GPIOBlocksApp/Debug/SOC_GPIOBlocksApp.elf
configparams force-mem-access 0
----------------End of Script----------------

12:27:01 INFO  : Context for processor 'ps7_cortexa9_0' is selected.
12:27:01 INFO  : 'con' command is executed.
12:27:01 INFO  : ----------------XSDB Script (After Launch)----------------
targets -set -nocase -filter {name =~ "*A9*#0"}
con
----------------End of Script----------------

12:27:01 INFO  : Launch script is exported to file 'C:\DevWorks\SOC_GPIOBlocks\Vitis\SOC_GPIOBlocksApp_system\_ide\scripts\debugger_soc_gpioblocksapp-default.tcl'
14:50:23 INFO  : Disconnected from the channel tcfchan#3.
