
*** Running vivado
    with args -log design_1_wrapper.vds -m64 -product Vivado -mode batch -messageDb vivado.pb -notrace -source design_1_wrapper.tcl



****** Vivado v2024.1 (64-bit)
  **** SW Build 5076996 on Wed May 22 18:37:14 MDT 2024
  **** IP Build 5075265 on Wed May 22 21:45:21 MDT 2024
  **** SharedData Build 5076995 on Wed May 22 18:29:18 MDT 2024
  **** Start of session at: Mon Mar 31 13:58:58 2025
    ** Copyright 1986-2022 Xilinx, Inc. All Rights Reserved.
    ** Copyright 2022-2024 Advanced Micro Devices, Inc. All Rights Reserved.

source design_1_wrapper.tcl -notrace
create_project: Time (s): cpu = 00:00:05 ; elapsed = 00:00:06 . Memory (MB): peak = 488.008 ; gain = 202.371
INFO: [IP_Flow 19-234] Refreshing IP repositories
INFO: [IP_Flow 19-1704] No user IP repositories specified
INFO: [IP_Flow 19-2313] Loaded Vivado IP repository 'C:/Xilinx/Vivado/2024.1/data/ip'.
Command: read_checkpoint -auto_incremental -incremental C:/DevWorks/SOC_JTAG_GPIO/SOC_JTAG_GPIO.srcs/utils_1/imports/synth_1/design_1_wrapper.dcp
INFO: [Vivado 12-5825] Read reference checkpoint from C:/DevWorks/SOC_JTAG_GPIO/SOC_JTAG_GPIO.srcs/utils_1/imports/synth_1/design_1_wrapper.dcp for incremental synthesis
INFO: [Vivado 12-7989] Please ensure there are no constraint changes
Command: synth_design -top design_1_wrapper -part xc7z020clg400-1
Starting synth_design
Attempting to get a license for feature 'Synthesis' and/or device 'xc7z020'
INFO: [Common 17-349] Got license for feature 'Synthesis' and/or device 'xc7z020'
INFO: [Device 21-403] Loading part xc7z020clg400-1
INFO: [Device 21-9227] Part: xc7z020clg400-1 does not have CEAM library.
INFO: [Designutils 20-5440] No compile time benefit to using incremental synthesis; A full resynthesis will be run
INFO: [Designutils 20-4379] Flow is switching to default flow due to incremental criteria not met. If you would like to alter this behaviour and have the flow terminate instead, please set the following parameter config_implementation {autoIncr.Synth.RejectBehavior Terminate}
INFO: [Synth 8-7079] Multithreading enabled for synth_design using a maximum of 2 processes.
INFO: [Synth 8-7078] Launching helper process for spawning children vivado processes
INFO: [Synth 8-7075] Helper process launched with PID 22556
---------------------------------------------------------------------------------
Starting RTL Elaboration : Time (s): cpu = 00:00:04 ; elapsed = 00:00:05 . Memory (MB): peak = 1384.582 ; gain = 450.156
---------------------------------------------------------------------------------
INFO: [Synth 8-638] synthesizing module 'design_1_wrapper' [c:/DevWorks/SOC_JTAG_GPIO/SOC_JTAG_GPIO.gen/sources_1/bd/design_1/hdl/design_1_wrapper.vhd:23]
INFO: [Synth 8-3491] module 'design_1' declared at 'c:/DevWorks/SOC_JTAG_GPIO/SOC_JTAG_GPIO.gen/sources_1/bd/design_1/synth/design_1.vhd:575' bound to instance 'design_1_i' of component 'design_1' [c:/DevWorks/SOC_JTAG_GPIO/SOC_JTAG_GPIO.gen/sources_1/bd/design_1/hdl/design_1_wrapper.vhd:58]
INFO: [Synth 8-638] synthesizing module 'design_1' [c:/DevWorks/SOC_JTAG_GPIO/SOC_JTAG_GPIO.gen/sources_1/bd/design_1/synth/design_1.vhd:589]
INFO: [Synth 8-3491] module 'design_1_axi_gpio_0_2' declared at 'C:/DevWorks/SOC_JTAG_GPIO/SOC_JTAG_GPIO.runs/synth_1/.Xil/Vivado-16920-5CD322B22T/realtime/design_1_axi_gpio_0_2_stub.vhdl:6' bound to instance 'axi_gpio_0' of component 'design_1_axi_gpio_0_2' [c:/DevWorks/SOC_JTAG_GPIO/SOC_JTAG_GPIO.gen/sources_1/bd/design_1/synth/design_1.vhd:761]
INFO: [Synth 8-638] synthesizing module 'design_1_axi_gpio_0_2' [C:/DevWorks/SOC_JTAG_GPIO/SOC_JTAG_GPIO.runs/synth_1/.Xil/Vivado-16920-5CD322B22T/realtime/design_1_axi_gpio_0_2_stub.vhdl:34]
INFO: [Synth 8-3491] module 'design_1_clk_wiz_1' declared at 'C:/DevWorks/SOC_JTAG_GPIO/SOC_JTAG_GPIO.runs/synth_1/.Xil/Vivado-16920-5CD322B22T/realtime/design_1_clk_wiz_1_stub.vhdl:6' bound to instance 'clk_wiz' of component 'design_1_clk_wiz_1' [c:/DevWorks/SOC_JTAG_GPIO/SOC_JTAG_GPIO.gen/sources_1/bd/design_1/synth/design_1.vhd:786]
INFO: [Synth 8-638] synthesizing module 'design_1_clk_wiz_1' [C:/DevWorks/SOC_JTAG_GPIO/SOC_JTAG_GPIO.runs/synth_1/.Xil/Vivado-16920-5CD322B22T/realtime/design_1_clk_wiz_1_stub.vhdl:15]
INFO: [Synth 8-3491] module 'design_1_jtag_axi_0_1' declared at 'C:/DevWorks/SOC_JTAG_GPIO/SOC_JTAG_GPIO.runs/synth_1/.Xil/Vivado-16920-5CD322B22T/realtime/design_1_jtag_axi_0_1_stub.vhdl:6' bound to instance 'jtag_axi_0' of component 'design_1_jtag_axi_0_1' [c:/DevWorks/SOC_JTAG_GPIO/SOC_JTAG_GPIO.gen/sources_1/bd/design_1/synth/design_1.vhd:792]
INFO: [Synth 8-638] synthesizing module 'design_1_jtag_axi_0_1' [C:/DevWorks/SOC_JTAG_GPIO/SOC_JTAG_GPIO.runs/synth_1/.Xil/Vivado-16920-5CD322B22T/realtime/design_1_jtag_axi_0_1_stub.vhdl:51]
INFO: [Synth 8-638] synthesizing module 'design_1_jtag_axi_0_axi_periph_1' [c:/DevWorks/SOC_JTAG_GPIO/SOC_JTAG_GPIO.gen/sources_1/bd/design_1/synth/design_1.vhd:391]
INFO: [Synth 8-638] synthesizing module 's00_couplers_imp_1UACJD2' [c:/DevWorks/SOC_JTAG_GPIO/SOC_JTAG_GPIO.gen/sources_1/bd/design_1/synth/design_1.vhd:78]
INFO: [Synth 8-3491] module 'design_1_auto_pc_1' declared at 'C:/DevWorks/SOC_JTAG_GPIO/SOC_JTAG_GPIO.runs/synth_1/.Xil/Vivado-16920-5CD322B22T/realtime/design_1_auto_pc_1_stub.vhdl:6' bound to instance 'auto_pc' of component 'design_1_auto_pc_1' [c:/DevWorks/SOC_JTAG_GPIO/SOC_JTAG_GPIO.gen/sources_1/bd/design_1/synth/design_1.vhd:258]
INFO: [Synth 8-638] synthesizing module 'design_1_auto_pc_1' [C:/DevWorks/SOC_JTAG_GPIO/SOC_JTAG_GPIO.runs/synth_1/.Xil/Vivado-16920-5CD322B22T/realtime/design_1_auto_pc_1_stub.vhdl:72]
INFO: [Synth 8-256] done synthesizing module 's00_couplers_imp_1UACJD2' (0#1) [c:/DevWorks/SOC_JTAG_GPIO/SOC_JTAG_GPIO.gen/sources_1/bd/design_1/synth/design_1.vhd:78]
INFO: [Synth 8-256] done synthesizing module 'design_1_jtag_axi_0_axi_periph_1' (0#1) [c:/DevWorks/SOC_JTAG_GPIO/SOC_JTAG_GPIO.gen/sources_1/bd/design_1/synth/design_1.vhd:391]
INFO: [Synth 8-3491] module 'design_1_rst_clk_wiz_100M_1' declared at 'C:/DevWorks/SOC_JTAG_GPIO/SOC_JTAG_GPIO.runs/synth_1/.Xil/Vivado-16920-5CD322B22T/realtime/design_1_rst_clk_wiz_100M_1_stub.vhdl:6' bound to instance 'rst_clk_wiz_100M' of component 'design_1_rst_clk_wiz_100M_1' [c:/DevWorks/SOC_JTAG_GPIO/SOC_JTAG_GPIO.gen/sources_1/bd/design_1/synth/design_1.vhd:897]
INFO: [Synth 8-638] synthesizing module 'design_1_rst_clk_wiz_100M_1' [C:/DevWorks/SOC_JTAG_GPIO/SOC_JTAG_GPIO.runs/synth_1/.Xil/Vivado-16920-5CD322B22T/realtime/design_1_rst_clk_wiz_100M_1_stub.vhdl:22]
INFO: [Synth 8-256] done synthesizing module 'design_1' (0#1) [c:/DevWorks/SOC_JTAG_GPIO/SOC_JTAG_GPIO.gen/sources_1/bd/design_1/synth/design_1.vhd:589]
INFO: [Synth 8-3491] module 'IOBUF' declared at 'C:/Xilinx/Vivado/2024.1/scripts/rt/data/unisim_comp.v:78209' bound to instance 'leds_4bits_tri_iobuf_0' of component 'IOBUF' [c:/DevWorks/SOC_JTAG_GPIO/SOC_JTAG_GPIO.gen/sources_1/bd/design_1/hdl/design_1_wrapper.vhd:75]
INFO: [Synth 8-6157] synthesizing module 'IOBUF' [C:/Xilinx/Vivado/2024.1/scripts/rt/data/unisim_comp.v:78209]
INFO: [Synth 8-6155] done synthesizing module 'IOBUF' (0#1) [C:/Xilinx/Vivado/2024.1/scripts/rt/data/unisim_comp.v:78209]
INFO: [Synth 8-3491] module 'IOBUF' declared at 'C:/Xilinx/Vivado/2024.1/scripts/rt/data/unisim_comp.v:78209' bound to instance 'leds_4bits_tri_iobuf_1' of component 'IOBUF' [c:/DevWorks/SOC_JTAG_GPIO/SOC_JTAG_GPIO.gen/sources_1/bd/design_1/hdl/design_1_wrapper.vhd:82]
INFO: [Synth 8-3491] module 'IOBUF' declared at 'C:/Xilinx/Vivado/2024.1/scripts/rt/data/unisim_comp.v:78209' bound to instance 'leds_4bits_tri_iobuf_2' of component 'IOBUF' [c:/DevWorks/SOC_JTAG_GPIO/SOC_JTAG_GPIO.gen/sources_1/bd/design_1/hdl/design_1_wrapper.vhd:89]
INFO: [Synth 8-3491] module 'IOBUF' declared at 'C:/Xilinx/Vivado/2024.1/scripts/rt/data/unisim_comp.v:78209' bound to instance 'leds_4bits_tri_iobuf_3' of component 'IOBUF' [c:/DevWorks/SOC_JTAG_GPIO/SOC_JTAG_GPIO.gen/sources_1/bd/design_1/hdl/design_1_wrapper.vhd:96]
INFO: [Synth 8-256] done synthesizing module 'design_1_wrapper' (0#1) [c:/DevWorks/SOC_JTAG_GPIO/SOC_JTAG_GPIO.gen/sources_1/bd/design_1/hdl/design_1_wrapper.vhd:23]
WARNING: [Synth 8-7129] Port M_ACLK in module s00_couplers_imp_1UACJD2 is either unconnected or has no load
WARNING: [Synth 8-7129] Port M_ARESETN in module s00_couplers_imp_1UACJD2 is either unconnected or has no load
WARNING: [Synth 8-7129] Port ACLK in module design_1_jtag_axi_0_axi_periph_1 is either unconnected or has no load
WARNING: [Synth 8-7129] Port ARESETN in module design_1_jtag_axi_0_axi_periph_1 is either unconnected or has no load
---------------------------------------------------------------------------------
Finished RTL Elaboration : Time (s): cpu = 00:00:06 ; elapsed = 00:00:07 . Memory (MB): peak = 1499.402 ; gain = 564.977
---------------------------------------------------------------------------------
---------------------------------------------------------------------------------
Start Handling Custom Attributes
---------------------------------------------------------------------------------
---------------------------------------------------------------------------------
Finished Handling Custom Attributes : Time (s): cpu = 00:00:06 ; elapsed = 00:00:07 . Memory (MB): peak = 1499.402 ; gain = 564.977
---------------------------------------------------------------------------------
---------------------------------------------------------------------------------
Finished RTL Optimization Phase 1 : Time (s): cpu = 00:00:06 ; elapsed = 00:00:07 . Memory (MB): peak = 1499.402 ; gain = 564.977
---------------------------------------------------------------------------------
Netlist sorting complete. Time (s): cpu = 00:00:00 ; elapsed = 00:00:00.005 . Memory (MB): peak = 1499.434 ; gain = 0.000
INFO: [Netlist 29-17] Analyzing 4 Unisim elements for replacement
INFO: [Netlist 29-28] Unisim Transformation completed in 0 CPU seconds
INFO: [Project 1-570] Preparing netlist for logic optimization

Processing XDC Constraints
Initializing timing engine
Parsing XDC File [c:/DevWorks/SOC_JTAG_GPIO/SOC_JTAG_GPIO.gen/sources_1/bd/design_1/ip/design_1_jtag_axi_0_1/design_1_jtag_axi_0_1/design_1_jtag_axi_0_0_in_context.xdc] for cell 'design_1_i/jtag_axi_0'
Finished Parsing XDC File [c:/DevWorks/SOC_JTAG_GPIO/SOC_JTAG_GPIO.gen/sources_1/bd/design_1/ip/design_1_jtag_axi_0_1/design_1_jtag_axi_0_1/design_1_jtag_axi_0_0_in_context.xdc] for cell 'design_1_i/jtag_axi_0'
Parsing XDC File [c:/DevWorks/SOC_JTAG_GPIO/SOC_JTAG_GPIO.gen/sources_1/bd/design_1/ip/design_1_axi_gpio_0_2/design_1_axi_gpio_0_2/design_1_axi_gpio_0_1_in_context.xdc] for cell 'design_1_i/axi_gpio_0'
Finished Parsing XDC File [c:/DevWorks/SOC_JTAG_GPIO/SOC_JTAG_GPIO.gen/sources_1/bd/design_1/ip/design_1_axi_gpio_0_2/design_1_axi_gpio_0_2/design_1_axi_gpio_0_1_in_context.xdc] for cell 'design_1_i/axi_gpio_0'
Parsing XDC File [c:/DevWorks/SOC_JTAG_GPIO/SOC_JTAG_GPIO.gen/sources_1/bd/design_1/ip/design_1_auto_pc_1/design_1_auto_pc_1/design_1_auto_pc_0_in_context.xdc] for cell 'design_1_i/jtag_axi_0_axi_periph/s00_couplers/auto_pc'
Finished Parsing XDC File [c:/DevWorks/SOC_JTAG_GPIO/SOC_JTAG_GPIO.gen/sources_1/bd/design_1/ip/design_1_auto_pc_1/design_1_auto_pc_1/design_1_auto_pc_0_in_context.xdc] for cell 'design_1_i/jtag_axi_0_axi_periph/s00_couplers/auto_pc'
Parsing XDC File [c:/DevWorks/SOC_JTAG_GPIO/SOC_JTAG_GPIO.gen/sources_1/bd/design_1/ip/design_1_clk_wiz_1/design_1_clk_wiz_1/design_1_clk_wiz_1_in_context.xdc] for cell 'design_1_i/clk_wiz'
Finished Parsing XDC File [c:/DevWorks/SOC_JTAG_GPIO/SOC_JTAG_GPIO.gen/sources_1/bd/design_1/ip/design_1_clk_wiz_1/design_1_clk_wiz_1/design_1_clk_wiz_1_in_context.xdc] for cell 'design_1_i/clk_wiz'
Parsing XDC File [c:/DevWorks/SOC_JTAG_GPIO/SOC_JTAG_GPIO.gen/sources_1/bd/design_1/ip/design_1_rst_clk_wiz_100M_1/design_1_rst_clk_wiz_100M_1/design_1_rst_clk_wiz_100M_0_in_context.xdc] for cell 'design_1_i/rst_clk_wiz_100M'
Finished Parsing XDC File [c:/DevWorks/SOC_JTAG_GPIO/SOC_JTAG_GPIO.gen/sources_1/bd/design_1/ip/design_1_rst_clk_wiz_100M_1/design_1_rst_clk_wiz_100M_1/design_1_rst_clk_wiz_100M_0_in_context.xdc] for cell 'design_1_i/rst_clk_wiz_100M'
Parsing XDC File [C:/DevWorks/SOC_JTAG_GPIO/SOC_JTAG_GPIO.srcs/constrs_1/new/SOC_JTAG_GPIO.xdc]
Finished Parsing XDC File [C:/DevWorks/SOC_JTAG_GPIO/SOC_JTAG_GPIO.srcs/constrs_1/new/SOC_JTAG_GPIO.xdc]
INFO: [Project 1-236] Implementation specific constraints were found while reading constraint file [C:/DevWorks/SOC_JTAG_GPIO/SOC_JTAG_GPIO.srcs/constrs_1/new/SOC_JTAG_GPIO.xdc]. These constraints will be ignored for synthesis but will be used in implementation. Impacted constraints are listed in the file [.Xil/design_1_wrapper_propImpl.xdc].
Resolution: To avoid this warning, move constraints listed in [.Xil/design_1_wrapper_propImpl.xdc] to another XDC file and exclude this new file from synthesis with the used_in_synthesis property (File Properties dialog in GUI) and re-run elaboration/synthesis.
Parsing XDC File [C:/DevWorks/SOC_JTAG_GPIO/SOC_JTAG_GPIO.runs/synth_1/dont_touch.xdc]
Finished Parsing XDC File [C:/DevWorks/SOC_JTAG_GPIO/SOC_JTAG_GPIO.runs/synth_1/dont_touch.xdc]
Completed Processing XDC Constraints

Netlist sorting complete. Time (s): cpu = 00:00:00 ; elapsed = 00:00:00 . Memory (MB): peak = 1539.660 ; gain = 0.000
INFO: [Project 1-111] Unisim Transformation Summary:
  A total of 4 instances were transformed.
  IOBUF => IOBUF (IBUF, OBUFT): 4 instances

Constraint Validation Runtime : Time (s): cpu = 00:00:00 ; elapsed = 00:00:00.003 . Memory (MB): peak = 1539.660 ; gain = 0.000
INFO: [Designutils 20-5440] No compile time benefit to using incremental synthesis; A full resynthesis will be run
INFO: [Designutils 20-4379] Flow is switching to default flow due to incremental criteria not met. If you would like to alter this behaviour and have the flow terminate instead, please set the following parameter config_implementation {autoIncr.Synth.RejectBehavior Terminate}
---------------------------------------------------------------------------------
Finished Constraint Validation : Time (s): cpu = 00:00:13 ; elapsed = 00:00:14 . Memory (MB): peak = 1539.660 ; gain = 605.234
---------------------------------------------------------------------------------
---------------------------------------------------------------------------------
Start Loading Part and Timing Information
---------------------------------------------------------------------------------
Loading part: xc7z020clg400-1
---------------------------------------------------------------------------------
Finished Loading Part and Timing Information : Time (s): cpu = 00:00:13 ; elapsed = 00:00:14 . Memory (MB): peak = 1539.660 ; gain = 605.234
---------------------------------------------------------------------------------
---------------------------------------------------------------------------------
Start Applying 'set_property' XDC Constraints
---------------------------------------------------------------------------------
Applied set_property IO_BUFFER_TYPE = NONE for sys_clock. (constraint file  c:/DevWorks/SOC_JTAG_GPIO/SOC_JTAG_GPIO.gen/sources_1/bd/design_1/ip/design_1_clk_wiz_1/design_1_clk_wiz_1/design_1_clk_wiz_1_in_context.xdc, line 3).
Applied set_property CLOCK_BUFFER_TYPE = NONE for sys_clock. (constraint file  c:/DevWorks/SOC_JTAG_GPIO/SOC_JTAG_GPIO.gen/sources_1/bd/design_1/ip/design_1_clk_wiz_1/design_1_clk_wiz_1/design_1_clk_wiz_1_in_context.xdc, line 4).
Applied set_property KEEP_HIERARCHY = SOFT for design_1_i. (constraint file  auto generated constraint).
Applied set_property KEEP_HIERARCHY = SOFT for design_1_i/jtag_axi_0. (constraint file  auto generated constraint).
Applied set_property KEEP_HIERARCHY = SOFT for design_1_i/axi_gpio_0. (constraint file  auto generated constraint).
Applied set_property KEEP_HIERARCHY = SOFT for design_1_i/jtag_axi_0_axi_periph/s00_couplers/auto_pc. (constraint file  auto generated constraint).
Applied set_property KEEP_HIERARCHY = SOFT for design_1_i/jtag_axi_0_axi_periph. (constraint file  auto generated constraint).
Applied set_property KEEP_HIERARCHY = SOFT for design_1_i/clk_wiz. (constraint file  auto generated constraint).
Applied set_property KEEP_HIERARCHY = SOFT for design_1_i/rst_clk_wiz_100M. (constraint file  auto generated constraint).
---------------------------------------------------------------------------------
Finished applying 'set_property' XDC Constraints : Time (s): cpu = 00:00:13 ; elapsed = 00:00:14 . Memory (MB): peak = 1539.660 ; gain = 605.234
---------------------------------------------------------------------------------
---------------------------------------------------------------------------------
Finished RTL Optimization Phase 2 : Time (s): cpu = 00:00:13 ; elapsed = 00:00:14 . Memory (MB): peak = 1539.660 ; gain = 605.234
---------------------------------------------------------------------------------
---------------------------------------------------------------------------------
Start RTL Component Statistics 
---------------------------------------------------------------------------------
Detailed RTL Component Info : 
---------------------------------------------------------------------------------
Finished RTL Component Statistics 
---------------------------------------------------------------------------------
---------------------------------------------------------------------------------
Start Part Resource Summary
---------------------------------------------------------------------------------
Part Resources:
DSPs: 220 (col length:60)
BRAMs: 280 (col length: RAMB18 60 RAMB36 30)
---------------------------------------------------------------------------------
Finished Part Resource Summary
---------------------------------------------------------------------------------
---------------------------------------------------------------------------------
Start Cross Boundary and Area Optimization
---------------------------------------------------------------------------------
WARNING: [Synth 8-7080] Parallel synthesis criteria is not met
WARNING: [Synth 8-7129] Port ACLK in module design_1_jtag_axi_0_axi_periph_1 is either unconnected or has no load
WARNING: [Synth 8-7129] Port ARESETN in module design_1_jtag_axi_0_axi_periph_1 is either unconnected or has no load
WARNING: [Synth 8-7129] Port M00_ACLK in module design_1_jtag_axi_0_axi_periph_1 is either unconnected or has no load
WARNING: [Synth 8-7129] Port M00_ARESETN in module design_1_jtag_axi_0_axi_periph_1 is either unconnected or has no load
---------------------------------------------------------------------------------
Finished Cross Boundary and Area Optimization : Time (s): cpu = 00:00:15 ; elapsed = 00:00:16 . Memory (MB): peak = 1539.660 ; gain = 605.234
---------------------------------------------------------------------------------
---------------------------------------------------------------------------------
Start Applying XDC Timing Constraints
---------------------------------------------------------------------------------
---------------------------------------------------------------------------------
Finished Applying XDC Timing Constraints : Time (s): cpu = 00:00:20 ; elapsed = 00:00:21 . Memory (MB): peak = 1539.660 ; gain = 605.234
---------------------------------------------------------------------------------
---------------------------------------------------------------------------------
Start Timing Optimization
---------------------------------------------------------------------------------
---------------------------------------------------------------------------------
Finished Timing Optimization : Time (s): cpu = 00:00:20 ; elapsed = 00:00:21 . Memory (MB): peak = 1539.660 ; gain = 605.234
---------------------------------------------------------------------------------
---------------------------------------------------------------------------------
Start Technology Mapping
---------------------------------------------------------------------------------
---------------------------------------------------------------------------------
Finished Technology Mapping : Time (s): cpu = 00:00:20 ; elapsed = 00:00:21 . Memory (MB): peak = 1539.660 ; gain = 605.234
---------------------------------------------------------------------------------
---------------------------------------------------------------------------------
Start IO Insertion
---------------------------------------------------------------------------------
---------------------------------------------------------------------------------
Start Flattening Before IO Insertion
---------------------------------------------------------------------------------
---------------------------------------------------------------------------------
Finished Flattening Before IO Insertion
---------------------------------------------------------------------------------
---------------------------------------------------------------------------------
Start Final Netlist Cleanup
---------------------------------------------------------------------------------
---------------------------------------------------------------------------------
Finished Final Netlist Cleanup
---------------------------------------------------------------------------------
---------------------------------------------------------------------------------
Finished IO Insertion : Time (s): cpu = 00:00:24 ; elapsed = 00:00:25 . Memory (MB): peak = 1539.660 ; gain = 605.234
---------------------------------------------------------------------------------
---------------------------------------------------------------------------------
Start Renaming Generated Instances
---------------------------------------------------------------------------------
---------------------------------------------------------------------------------
Finished Renaming Generated Instances : Time (s): cpu = 00:00:24 ; elapsed = 00:00:25 . Memory (MB): peak = 1539.660 ; gain = 605.234
---------------------------------------------------------------------------------
---------------------------------------------------------------------------------
Start Rebuilding User Hierarchy
---------------------------------------------------------------------------------
---------------------------------------------------------------------------------
Finished Rebuilding User Hierarchy : Time (s): cpu = 00:00:24 ; elapsed = 00:00:25 . Memory (MB): peak = 1539.660 ; gain = 605.234
---------------------------------------------------------------------------------
---------------------------------------------------------------------------------
Start Renaming Generated Ports
---------------------------------------------------------------------------------
---------------------------------------------------------------------------------
Finished Renaming Generated Ports : Time (s): cpu = 00:00:24 ; elapsed = 00:00:25 . Memory (MB): peak = 1539.660 ; gain = 605.234
---------------------------------------------------------------------------------
---------------------------------------------------------------------------------
Start Handling Custom Attributes
---------------------------------------------------------------------------------
---------------------------------------------------------------------------------
Finished Handling Custom Attributes : Time (s): cpu = 00:00:24 ; elapsed = 00:00:25 . Memory (MB): peak = 1539.660 ; gain = 605.234
---------------------------------------------------------------------------------
---------------------------------------------------------------------------------
Start Renaming Generated Nets
---------------------------------------------------------------------------------
---------------------------------------------------------------------------------
Finished Renaming Generated Nets : Time (s): cpu = 00:00:24 ; elapsed = 00:00:25 . Memory (MB): peak = 1539.660 ; gain = 605.234
---------------------------------------------------------------------------------
---------------------------------------------------------------------------------
Start Writing Synthesis Report
---------------------------------------------------------------------------------

Report BlackBoxes: 
+------+----------------------------+----------+
|      |BlackBox name               |Instances |
+------+----------------------------+----------+
|1     |design_1_auto_pc_1          |         1|
|2     |design_1_axi_gpio_0_2       |         1|
|3     |design_1_clk_wiz_1          |         1|
|4     |design_1_jtag_axi_0_1       |         1|
|5     |design_1_rst_clk_wiz_100M_1 |         1|
+------+----------------------------+----------+

Report Cell Usage: 
+------+---------------------------------+------+
|      |Cell                             |Count |
+------+---------------------------------+------+
|1     |design_1_auto_pc_1_bbox          |     1|
|2     |design_1_axi_gpio_0_2_bbox       |     1|
|3     |design_1_clk_wiz_1_bbox          |     1|
|4     |design_1_jtag_axi_0_1_bbox       |     1|
|5     |design_1_rst_clk_wiz_100M_1_bbox |     1|
|6     |IBUF                             |     1|
|7     |IOBUF                            |     4|
+------+---------------------------------+------+
---------------------------------------------------------------------------------
Finished Writing Synthesis Report : Time (s): cpu = 00:00:24 ; elapsed = 00:00:25 . Memory (MB): peak = 1539.660 ; gain = 605.234
---------------------------------------------------------------------------------
Synthesis finished with 0 errors, 0 critical warnings and 5 warnings.
Synthesis Optimization Runtime : Time (s): cpu = 00:00:16 ; elapsed = 00:00:23 . Memory (MB): peak = 1539.660 ; gain = 564.977
Synthesis Optimization Complete : Time (s): cpu = 00:00:24 ; elapsed = 00:00:25 . Memory (MB): peak = 1539.660 ; gain = 605.234
INFO: [Project 1-571] Translating synthesized netlist
Netlist sorting complete. Time (s): cpu = 00:00:00 ; elapsed = 00:00:00.006 . Memory (MB): peak = 1539.660 ; gain = 0.000
INFO: [Netlist 29-17] Analyzing 4 Unisim elements for replacement
INFO: [Netlist 29-28] Unisim Transformation completed in 0 CPU seconds
INFO: [Project 1-570] Preparing netlist for logic optimization
INFO: [Opt 31-138] Pushed 0 inverter(s) to 0 load pin(s).
Netlist sorting complete. Time (s): cpu = 00:00:00 ; elapsed = 00:00:00 . Memory (MB): peak = 1539.660 ; gain = 0.000
INFO: [Project 1-111] Unisim Transformation Summary:
  A total of 4 instances were transformed.
  IOBUF => IOBUF (IBUF, OBUFT): 4 instances

Synth Design complete | Checksum: 9b566a92
INFO: [Common 17-83] Releasing license: Synthesis
52 Infos, 9 Warnings, 0 Critical Warnings and 0 Errors encountered.
synth_design completed successfully
synth_design: Time (s): cpu = 00:00:29 ; elapsed = 00:00:31 . Memory (MB): peak = 1539.660 ; gain = 1035.754
Write ShapeDB Complete: Time (s): cpu = 00:00:00 ; elapsed = 00:00:00 . Memory (MB): peak = 1539.660 ; gain = 0.000
INFO: [Common 17-1381] The checkpoint 'C:/DevWorks/SOC_JTAG_GPIO/SOC_JTAG_GPIO.runs/synth_1/design_1_wrapper.dcp' has been generated.
INFO: [Vivado 12-24828] Executing command : report_utilization -file design_1_wrapper_utilization_synth.rpt -pb design_1_wrapper_utilization_synth.pb
INFO: [Common 17-206] Exiting Vivado at Mon Mar 31 13:59:37 2025...
